
map -a "MachXO2" -p LCMXO2-7000HE -t TQFP144 -s 5 -oc Commercial   "prac6_impl1.ngd" -o "prac6_impl1_map.ncd" -pr "prac6_impl1.prf" -mp "prac6_impl1.mrp" -lpf "C:/Users/JCVELMON/Desktop/Semestre Actual/DSD/practica_6_v2/impl1/prac6_impl1.lpf" -lpf "C:/Users/JCVELMON/Desktop/Semestre Actual/DSD/practica_6_v2/prac6.lpf" -c 0            
map:  version Diamond Version 3.9.1.119

Copyright (c) 1991-1994 by NeoCAD Inc. All rights reserved.
Copyright (c) 1995 AT&T Corp.   All rights reserved.
Copyright (c) 1995-2001 Lucent Technologies Inc.  All rights reserved.
Copyright (c) 2001 Agere Systems   All rights reserved.
Copyright (c) 2002-2017 Lattice Semiconductor Corporation,  All rights reserved.
   Process the file: prac6_impl1.ngd
   Picdevice="LCMXO2-7000HE"

   Pictype="TQFP144"

   Picspeed=5

   Remove unused logic

   Do not produce over sized NCDs.

Part used: LCMXO2-7000HETQFP144, Performance used: 5.

Loading device for application map from file 'xo2c7000.nph' in environment: C:/lscc/diamond/3.9/ispfpga.
Package Status:                     Final          Version 1.39.

Running general design DRC...

    <postMsg mid="1166064" type="Warning" dynamic="2" navigation="0" arg0="input" arg1="DERECHA"  />
    <postMsg mid="1166064" type="Warning" dynamic="2" navigation="0" arg0="input" arg1="IZQUIERDA"  />
Removing unused logic...

Optimizing...

    <postMsg mid="51001046" type="Warning" dynamic="1" navigation="0" arg0="DERECHA"  />
    <postMsg mid="51001046" type="Warning" dynamic="1" navigation="0" arg0="IZQUIERDA"  />



Design Summary:
   Number of registers:     34 out of  7209 (0%)
      PFU registers:           34 out of  6864 (0%)
      PIO registers:            0 out of   345 (0%)
   Number of SLICEs:        45 out of  3432 (1%)
      SLICEs as Logic/ROM:     45 out of  3432 (1%)
      SLICEs as RAM:            0 out of  2574 (0%)
      SLICEs as Carry:         11 out of  3432 (0%)
   Number of LUT4s:         89 out of  6864 (1%)
      Number used as logic LUTs:         67
      Number used as distributed RAM:     0
      Number used as ripple logic:       22
      Number used as shift registers:     0
   Number of PIO sites used: 29 + 4(JTAG) out of 115 (29%)
   Number of block RAMs:  0 out of 26 (0%)
   Number of GSRs:  1 out of 1 (100%)
   EFB used :       No
   JTAG used :      No
   Readback used :  No
   Oscillator used :  Yes
   Startup used :   No
   POR :            On
   Bandgap :        On
   Number of Power Controller:  0 out of 1 (0%)
   Number of Dynamic Bank Controller (BCINRD):  0 out of 6 (0%)
   Number of Dynamic Bank Controller (BCLVDSO):  0 out of 1 (0%)
   Number of DCCA:  0 out of 8 (0%)
   Number of DCMA:  0 out of 2 (0%)
   Number of PLLs:  0 out of 2 (0%)
   Number of DQSDLLs:  0 out of 2 (0%)
   Number of CLKDIVC:  0 out of 4 (0%)
   Number of ECLKSYNCA:  0 out of 4 (0%)
   Number of ECLKBRIDGECS:  0 out of 2 (0%)
   Notes:-
      1. Total number of LUT4s = (Number of logic LUT4s) + 2*(Number of distributed RAMs) + 2*(Number of ripple logic)
      2. Number of logic LUT4s does not include count of distributed RAM and ripple logic.
   Number of clocks:  2
     Net oscdiv0_c: 7 loads, 7 rising, 0 falling (Driver: OS00/OS01/outdiv_58 )
     Net oscraw0_c: 12 loads, 0 rising, 12 falling (Driver: OS00/OS00/OSCInst0 )
   Number of Clock Enables:  5
     Net CLR_c: 2 loads, 2 LSLICEs
     Net REG0/oscdiv0_c_enable_4: 3 loads, 3 LSLICEs
     Net REG0/oscdiv0_c_enable_8: 2 loads, 2 LSLICEs
     Net OS00/OS01/clkdiv_N_23_enable_22: 11 loads, 11 LSLICEs
     Net OS00/OS01/clkdiv_N_23_enable_4: 1 loads, 1 LSLICEs
   Number of LSRs:  1
     Net OS00/OS01/n709: 11 loads, 11 LSLICEs
   Number of nets driven by tri-state buffers:  0
   Top 10 highest fanout non-clock nets:
     Net CRTL_c_0: 16 loads
     Net CRTL_c_2: 16 loads
     Net Q_c_0: 16 loads
     Net Q_c_1: 15 loads
     Net Q_c_2: 13 loads
     Net Q_c_3: 12 loads
     Net CRTL_c_1: 11 loads
     Net OS00/OS01/clkdiv_N_23_enable_22: 11 loads
     Net OS00/OS01/n709: 11 loads
     Net CLR_c: 9 loads
 

   Number of warnings:  4
   Number of errors:    0



Total CPU Time: 0 secs  
Total REAL Time: 0 secs  
Peak Memory Usage: 51 MB

Dumping design to file prac6_impl1_map.ncd.

ncd2vdb "prac6_impl1_map.ncd" ".vdbs/prac6_impl1_map.vdb"

Loading device for application ncd2vdb from file 'xo2c7000.nph' in environment: C:/lscc/diamond/3.9/ispfpga.

mpartrce -p "prac6_impl1.p2t" -f "prac6_impl1.p3t" -tf "prac6_impl1.pt" "prac6_impl1_map.ncd" "prac6_impl1.ncd"

---- MParTrce Tool ----
Removing old design directory at request of -rem command line option to this program.
Running par. Please wait . . .

Lattice Place and Route Report for Design "prac6_impl1_map.ncd"
Wed Dec 06 09:15:54 2017

PAR: Place And Route Diamond Version 3.9.1.119.
Command Line: par -w -l 5 -i 6 -t 1 -c 0 -e 0 -gui -msgset "C:/Users/JCVELMON/Desktop/Semestre Actual/DSD/practica_6_v2/promote.xml" -exp parUseNBR=1:parCDP=0:parCDR=0:parPathBased=OFF prac6_impl1_map.ncd prac6_impl1.dir/5_1.ncd prac6_impl1.prf
Preference file: prac6_impl1.prf.
Placement level-cost: 5-1.
Routing Iterations: 6

Loading design for application par from file prac6_impl1_map.ncd.
Design name: topMOD
NCD version: 3.3
Vendor:      LATTICE
Device:      LCMXO2-7000HE
Package:     TQFP144
Performance: 5
Loading device for application par from file 'xo2c7000.nph' in environment: C:/lscc/diamond/3.9/ispfpga.
Package Status:                     Final          Version 1.39.
Performance Hardware Data Status:   Final          Version 34.4.
License checked out.


Ignore Preference Error(s):  True
Device utilization summary:

   PIO (prelim)   29+4(JTAG)/336     10% used
                  29+4(JTAG)/115     29% bonded

   SLICE             45/3432          1% used

   GSR                1/1           100% used
   OSC                1/1           100% used


Number of Signals: 137
Number of Connections: 371

Pin Constraint Summary:
   29 out of 29 pins locked (100% locked).

The following 1 signal is selected to use the primary clock routing resources:
    oscraw0_c (driver: OS00/OS00/OSCInst0, clk load #: 12)


The following 3 signals are selected to use the secondary clock routing resources:
    oscdiv0_c (driver: SLICE_18, clk load #: 7, sr load #: 0, ce load #: 0)
    OS00/OS01/clkdiv_N_23_enable_22 (driver: OS00/OS01/SLICE_34, clk load #: 0, sr load #: 0, ce load #: 11)
    OS00/OS01/n709 (driver: OS00/OS01/SLICE_32, clk load #: 0, sr load #: 11, ce load #: 0)

Signal CLR_c is selected as Global Set/Reset.
Starting Placer Phase 0.

Finished Placer Phase 0.  REAL time: 3 secs 

Starting Placer Phase 1.
..................
Placer score = 29295.
Finished Placer Phase 1.  REAL time: 8 secs 

Starting Placer Phase 2.
.
Placer score =  29053
Finished Placer Phase 2.  REAL time: 8 secs 


------------------ Clock Report ------------------

Global Clock Resources:
  CLK_PIN    : 0 out of 8 (0%)
  PLL        : 0 out of 2 (0%)
  DCM        : 0 out of 2 (0%)
  DCC        : 0 out of 8 (0%)

Quadrants All (TL, TR, BL, BR) - Global Clocks:
  PRIMARY "oscraw0_c" from OSC on comp "OS00/OS00/OSCInst0" on site "OSC", clk load = 12
  SECONDARY "oscdiv0_c" from Q0 on comp "SLICE_18" on site "R21C20B", clk load = 7, ce load = 0, sr load = 0
  SECONDARY "OS00/OS01/clkdiv_N_23_enable_22" from F1 on comp "OS00/OS01/SLICE_34" on site "R21C20C", clk load = 0, ce load = 11, sr load = 0
  SECONDARY "OS00/OS01/n709" from F1 on comp "OS00/OS01/SLICE_32" on site "R21C20D", clk load = 0, ce load = 0, sr load = 11

  PRIMARY  : 1 out of 8 (12%)
  SECONDARY: 3 out of 8 (37%)

Edge Clocks:
  No edge clock selected.

--------------- End of Clock Report ---------------


I/O Usage Summary (final):
   29 + 4(JTAG) out of 336 (9.8%) PIO sites used.
   29 + 4(JTAG) out of 115 (28.7%) bonded PIO sites used.
   Number of PIO comps: 29; differential: 0.
   Number of Vref pins used: 0.

I/O Bank Usage Summary:
+----------+----------------+------------+-----------+
| I/O Bank | Usage          | Bank Vccio | Bank Vref |
+----------+----------------+------------+-----------+
| 0        | 7 / 28 ( 25%)  | 2.5V       | -         |
| 1        | 4 / 29 ( 13%)  | 2.5V       | -         |
| 2        | 12 / 29 ( 41%) | 2.5V       | -         |
| 3        | 4 / 9 ( 44%)   | 2.5V       | -         |
| 4        | 2 / 10 ( 20%)  | 2.5V       | -         |
| 5        | 0 / 10 (  0%)  | -          | -         |
+----------+----------------+------------+-----------+

Total placer CPU time: 5 secs 

Dumping design to file prac6_impl1.dir/5_1.ncd.

0 connections routed; 371 unrouted.
Starting router resource preassignment

Completed router resource preassignment. Real time: 10 secs 

Start NBR router at 09:16:04 12/06/17

*****************************************************************
Info: NBR allows conflicts(one node used by more than one signal)
      in the earlier iterations. In each iteration, it tries to  
      solve the conflicts while keeping the critical connections 
      routed as short as possible. The routing process is said to
      be completed when no conflicts exist and all connections   
      are routed.                                                
Note: NBR uses a different method to calculate timing slacks. The
      worst slack and total negative slack may not be the same as
      that in TRCE report. You should always run TRCE to verify  
      your design.                                               
*****************************************************************

Start NBR special constraint process at 09:16:04 12/06/17

Start NBR section for initial routing at 09:16:04 12/06/17
Level 4, iteration 1
9(0.00%) conflicts; 0(0.00%) untouched conn; 0 (nbr) score; 
Estimated worst slack/total negative slack<setup>: 470.708ns/0.000ns; real time: 10 secs 

Info: Initial congestion level at 75% usage is 0
Info: Initial congestion area  at 75% usage is 0 (0.00%)

Start NBR section for normal routing at 09:16:04 12/06/17
Level 4, iteration 1
6(0.00%) conflicts; 0(0.00%) untouched conn; 0 (nbr) score; 
Estimated worst slack/total negative slack<setup>: 470.708ns/0.000ns; real time: 10 secs 
Level 4, iteration 2
1(0.00%) conflict; 0(0.00%) untouched conn; 0 (nbr) score; 
Estimated worst slack/total negative slack<setup>: 470.708ns/0.000ns; real time: 10 secs 
Level 4, iteration 3
0(0.00%) conflict; 0(0.00%) untouched conn; 0 (nbr) score; 
Estimated worst slack/total negative slack<setup>: 470.708ns/0.000ns; real time: 10 secs 

Start NBR section for setup/hold timing optimization with effort level 3 at 09:16:04 12/06/17

Start NBR section for re-routing at 09:16:05 12/06/17
Level 4, iteration 1
0(0.00%) conflict; 0(0.00%) untouched conn; 0 (nbr) score; 
Estimated worst slack/total negative slack<setup>: 470.708ns/0.000ns; real time: 11 secs 

Start NBR section for post-routing at 09:16:05 12/06/17

End NBR router with 0 unrouted connection

NBR Summary
-----------
  Number of unrouted connections : 0 (0.00%)
  Number of connections with timing violations : 0 (0.00%)
  Estimated worst slack<setup> : 470.708ns
  Timing score<setup> : 0
-----------
Notes: The timing info is calculated for SETUP only and all PAR_ADJs are ignored.



Total CPU time 8 secs 
Total REAL time: 11 secs 
Completely routed.
End of route.  371 routed (100.00%); 0 unrouted.

Hold time timing score: 0, hold timing errors: 0

Timing score: 0 

Dumping design to file prac6_impl1.dir/5_1.ncd.


PAR_SUMMARY::Run status = completed
PAR_SUMMARY::Number of unrouted conns = 0
PAR_SUMMARY::Worst  slack<setup/<ns>> = 470.708
PAR_SUMMARY::Timing score<setup/<ns>> = 0.000
PAR_SUMMARY::Worst  slack<hold /<ns>> = 0.377
PAR_SUMMARY::Timing score<hold /<ns>> = 0.000
PAR_SUMMARY::Number of errors = 0

Total CPU  time to completion: 8 secs 
Total REAL time to completion: 11 secs 

par done!

Copyright (c) 1991-1994 by NeoCAD Inc. All rights reserved.
Copyright (c) 1995 AT&T Corp.   All rights reserved.
Copyright (c) 1995-2001 Lucent Technologies Inc.  All rights reserved.
Copyright (c) 2001 Agere Systems   All rights reserved.
Copyright (c) 2002-2017 Lattice Semiconductor Corporation,  All rights reserved.
Exiting par with exit code 0
Exiting mpartrce with exit code 0

bitgen -f "prac6_impl1.t2b" -w "prac6_impl1.ncd" -jedec "prac6_impl1.prf"


BITGEN: Bitstream Generator Diamond Version 3.9.1.119
Copyright (c) 1991-1994 by NeoCAD Inc. All rights reserved.
Copyright (c) 1995 AT&T Corp.   All rights reserved.
Copyright (c) 1995-2001 Lucent Technologies Inc.  All rights reserved.
Copyright (c) 2001 Agere Systems   All rights reserved.
Copyright (c) 2002-2017 Lattice Semiconductor Corporation,  All rights reserved.


Loading design for application Bitgen from file prac6_impl1.ncd.
Design name: topMOD
NCD version: 3.3
Vendor:      LATTICE
Device:      LCMXO2-7000HE
Package:     TQFP144
Performance: 5
Loading device for application Bitgen from file 'xo2c7000.nph' in environment: C:/lscc/diamond/3.9/ispfpga.
Package Status:                     Final          Version 1.39.
Performance Hardware Data Status:   Final          Version 34.4.

Running DRC.
DRC detected 0 errors and 0 warnings.
Reading Preference File from prac6_impl1.prf.

Preference Summary:
+---------------------------------+---------------------------------+
|  Preference                     |  Current Setting                |
+---------------------------------+---------------------------------+
|                         RamCfg  |                        Reset**  |
+---------------------------------+---------------------------------+
|                     MCCLK_FREQ  |                         2.08**  |
+---------------------------------+---------------------------------+
|                  CONFIG_SECURE  |                          OFF**  |
+---------------------------------+---------------------------------+
|                          INBUF  |                           ON**  |
+---------------------------------+---------------------------------+
|                      JTAG_PORT  |                       ENABLE**  |
+---------------------------------+---------------------------------+
|                       SDM_PORT  |                      DISABLE**  |
+---------------------------------+---------------------------------+
|                 SLAVE_SPI_PORT  |                      DISABLE**  |
+---------------------------------+---------------------------------+
|                MASTER_SPI_PORT  |                      DISABLE**  |
+---------------------------------+---------------------------------+
|                       I2C_PORT  |                      DISABLE**  |
+---------------------------------+---------------------------------+
|        MUX_CONFIGURATION_PORTS  |                      DISABLE**  |
+---------------------------------+---------------------------------+
|                  CONFIGURATION  |                          CFG**  |
+---------------------------------+---------------------------------+
|                COMPRESS_CONFIG  |                           ON**  |
+---------------------------------+---------------------------------+
|                        MY_ASSP  |                          OFF**  |
+---------------------------------+---------------------------------+
|               ONE_TIME_PROGRAM  |                          OFF**  |
+---------------------------------+---------------------------------+
|                 ENABLE_TRANSFR  |                      DISABLE**  |
+---------------------------------+---------------------------------+
|                  SHAREDEBRINIT  |                      DISABLE**  |
+---------------------------------+---------------------------------+
|            BACKGROUND_RECONFIG  |                          OFF**  |
+---------------------------------+---------------------------------+
 *  Default setting.
 ** The specified setting matches the default setting.


Creating bit map...
 
Bitstream Status: Final           Version 1.94.
 
Saving bit stream in "prac6_impl1.jed".
 
===========
UFM Summary.
===========
UFM Size:        2046 Pages (128*2046 Bits).
UFM Utilization: General Purpose Flash Memory.
 
Available General Purpose Flash Memory: 2046 Pages (Page 0 to Page 2045).
Initialized UFM Pages:                     0 Page.
 
