# Design Explorer: Shortcut to "C:\Users\Lacho\Desktop\toposcdiv00\simu_toposcdiv00\simu_toposcdiv00.aws" design added.
designverincludedir -clear
designverlibrarysim -PL -clear
designverlibrarysim -L -clear
designverlibrarysim -PL pmi_work
designverlibrarysim ovi_machxo2
designverdefinemacro -clear
addfile C:/Users/Lacho/Desktop/toposcdiv00/packagediv00.vhd
# Adding file C:\Users\Lacho\Desktop\toposcdiv00\packagediv00.vhd ... Done
addfile C:/Users/Lacho/Desktop/toposcdiv00/div00.vhd
# Adding file C:\Users\Lacho\Desktop\toposcdiv00\div00.vhd ... Done
addfile C:/Users/Lacho/Desktop/toposcdiv00/osc00.vhd
# Adding file C:\Users\Lacho\Desktop\toposcdiv00\osc00.vhd ... Done
addfile C:/Users/Lacho/Desktop/toposcdiv00/topdiv00.vhd
# Adding file C:\Users\Lacho\Desktop\toposcdiv00\topdiv00.vhd ... Done
vlib C:/Users/Lacho/Desktop/toposcdiv00/simu_toposcdiv00/work
# Adding library O.K.
adel -all
# Library contents cleared.
vcom -dbg -work work C:/Users/Lacho/Desktop/toposcdiv00/packagediv00.vhd
# File: C:\Users\Lacho\Desktop\toposcdiv00\packagediv00.vhd
# Compile Package "packagediv00"
# Compile success 0 Errors 0 Warnings  Analysis time :  0.2 [s]
vcom -dbg -work work C:/Users/Lacho/Desktop/toposcdiv00/div00.vhd
# File: C:\Users\Lacho\Desktop\toposcdiv00\div00.vhd
# Compile Entity "div00"
# Compile Architecture "div0" of Entity "div00"
# Compile success 0 Errors 0 Warnings  Analysis time :  0.3 [s]
vcom -dbg -work work C:/Users/Lacho/Desktop/toposcdiv00/osc00.vhd
# File: C:\Users\Lacho\Desktop\toposcdiv00\osc00.vhd
# Compile Entity "osc00"
# Compile Architecture "osc0" of Entity "osc00"
# Compile success 0 Errors 0 Warnings  Analysis time :  78.0 [ms]
vcom -dbg -work work C:/Users/Lacho/Desktop/toposcdiv00/topdiv00.vhd
# File: C:\Users\Lacho\Desktop\toposcdiv00\topdiv00.vhd
# Compile Entity "topdiv00"
# Compile Architecture "topdiv0" of Entity "topdiv00"
# Compile success 0 Errors 0 Warnings  Analysis time :  47.0 [ms]
entity topdiv00
# ELBREAD: Elaboration process.
# ELBREAD: Elaboration time 0.1 [s].
vsim +access +r topdiv00 -PL pmi_work -L ovi_machxo2
# ELBREAD: Elaboration process.
# ELBREAD: Elaboration time 0.0 [s].
# VSIM: Stack memory: 32MB
# VSIM: Retval memory: 32MB
# 
# KERNEL: Main thread initiated.
# KERNEL: Kernel process initialization phase.
# KERNEL: Time resolution set to 1ps.
# ELAB2: Elaboration final pass...
# ELAB2: Create instances ...
# ELAB2: Create instances complete.
# SLP: Started
# SLP: Elaboration phase ...
# SLP: Elaboration phase ... skipped, nothing to simulate in SLP mode : 0.0 [s]
# SLP: Finished : 0.0 [s]
# ELAB2: Elaboration final pass complete - time: 0.2 [s].
# KERNEL: Warning: You are using the Active-HDL Lattice Edition. The performance of simulation is running at a reduced rate.
# KERNEL: Warning: Contact Aldec for available upgrade options - sales@aldec.com.
# KERNEL: Kernel process initialization done.
# Allocation: Simulator allocated 7379 kB (elbread=1280 elab2=5947 kernel=151 sdf=0)
# KERNEL: ASDB file was created in location C:\Users\Lacho\Desktop\toposcdiv00\simu_toposcdiv00\src\wave.asdb
#  15:07, jueves, 14 de septiembre de 2017
#  Simulation has been initialized
add wave *
# 4 signal(s) traced.
run 1000ns
# Waveform file 'untitled.awc' connected to 'C:/Users/Lacho/Desktop/toposcdiv00/simu_toposcdiv00/src/wave.asdb'.
# KERNEL: stopped at time: 1 us
run
endsim
# KERNEL: stopped at time: 806447737060 ps
# VSIM: Simulation has finished.
