--------------------------------------------------------------------------------
Lattice Synthesis Timing Report, Version  
Fri Nov 24 12:50:14 2017

Copyright (c) 1991-1994 by NeoCAD Inc. All rights reserved.
Copyright (c) 1995 AT&T Corp.   All rights reserved.
Copyright (c) 1995-2001 Lucent Technologies Inc.  All rights reserved.
Copyright (c) 2001 Agere Systems   All rights reserved.
Copyright (c) 2002-2017 Lattice Semiconductor Corporation,  All rights reserved.

Report Information
------------------
Design:     topTeclado
Constraint file:  
Report level:    verbose report, limited to 3 items per constraint
--------------------------------------------------------------------------------



================================================================================
Constraint: create_clock -period 1000.000000 -name clk1 [get_nets oscraw0_c]
            689 items scored, 0 timing errors detected.
--------------------------------------------------------------------------------


Passed:  The following path meets requirements by 992.844ns

 Logical Details:  Cell type  Pin type       Cell name  (clock net +/-)

   Source:         FD1P3IX    CK             \OS00/OS01/sdiv_71__i16  (from oscraw0_c +)
   Destination:    FD1P3AX    D              \OS00/OS01/outdiv_58  (to oscraw0_c -)

   Delay:                   7.010ns  (34.3% logic, 65.7% route), 6 logic levels.

 Constraint Details:

      7.010ns data_path \OS00/OS01/sdiv_71__i16 to \OS00/OS01/outdiv_58 meets
    1000.000ns delay constraint less
      0.146ns L_S requirement (totaling 999.854ns) by 992.844ns

 Path Details: \OS00/OS01/sdiv_71__i16 to \OS00/OS01/outdiv_58

   Name    Fanout   Delay (ns)          Pins               Resource(Cell.Net)
L_CO        ---     0.403             CK to Q              \OS00/OS01/sdiv_71__i16 (from oscraw0_c)
Route         4   e 1.168                                  \OS00/OS01/sdiv[16]
LUT4        ---     0.448              C to Z              \OS00/OS01/i2_3_lut
Route         3   e 1.051                                  \OS00/OS01/n3
LUT4        ---     0.448              C to Z              \OS00/OS01/oscdiv0_c_bdd_4_lut_897
Route         1   e 0.020                                  \OS00/OS01/n1003
MUXL5       ---     0.212           ALUT to Z              \OS00/OS01/i886
Route         1   e 0.788                                  \OS00/OS01/n1005
LUT4        ---     0.448              C to Z              \OS00/OS01/n1005_bdd_3_lut_3_lut
Route         1   e 0.788                                  \OS00/OS01/n1006
LUT4        ---     0.448              B to Z              \OS00/OS01/n1013_bdd_3_lut
Route         1   e 0.788                                  \OS00/OS01/outdiv_N_171
                  --------
                    7.010  (34.3% logic, 65.7% route), 6 logic levels.


Passed:  The following path meets requirements by 992.844ns

 Logical Details:  Cell type  Pin type       Cell name  (clock net +/-)

   Source:         FD1P3IX    CK             \OS00/OS01/sdiv_71__i16  (from oscraw0_c +)
   Destination:    FD1P3AX    D              \OS00/OS01/outdiv_58  (to oscraw0_c -)

   Delay:                   7.010ns  (34.3% logic, 65.7% route), 6 logic levels.

 Constraint Details:

      7.010ns data_path \OS00/OS01/sdiv_71__i16 to \OS00/OS01/outdiv_58 meets
    1000.000ns delay constraint less
      0.146ns L_S requirement (totaling 999.854ns) by 992.844ns

 Path Details: \OS00/OS01/sdiv_71__i16 to \OS00/OS01/outdiv_58

   Name    Fanout   Delay (ns)          Pins               Resource(Cell.Net)
L_CO        ---     0.403             CK to Q              \OS00/OS01/sdiv_71__i16 (from oscraw0_c)
Route         4   e 1.168                                  \OS00/OS01/sdiv[16]
LUT4        ---     0.448              C to Z              \OS00/OS01/i2_3_lut
Route         3   e 1.051                                  \OS00/OS01/n3
LUT4        ---     0.448              C to Z              \OS00/OS01/oscdiv0_c_bdd_3_lut_889_4_lut
Route         1   e 0.020                                  \OS00/OS01/n1004
MUXL5       ---     0.212           BLUT to Z              \OS00/OS01/i886
Route         1   e 0.788                                  \OS00/OS01/n1005
LUT4        ---     0.448              C to Z              \OS00/OS01/n1005_bdd_3_lut_3_lut
Route         1   e 0.788                                  \OS00/OS01/n1006
LUT4        ---     0.448              B to Z              \OS00/OS01/n1013_bdd_3_lut
Route         1   e 0.788                                  \OS00/OS01/outdiv_N_171
                  --------
                    7.010  (34.3% logic, 65.7% route), 6 logic levels.


Passed:  The following path meets requirements by 993.010ns

 Logical Details:  Cell type  Pin type       Cell name  (clock net +/-)

   Source:         FD1P3IX    CK             \OS00/OS01/sdiv_71__i15  (from oscraw0_c +)
   Destination:    FD1P3AX    D              \OS00/OS01/outdiv_58  (to oscraw0_c -)

   Delay:                   6.844ns  (35.2% logic, 64.8% route), 6 logic levels.

 Constraint Details:

      6.844ns data_path \OS00/OS01/sdiv_71__i15 to \OS00/OS01/outdiv_58 meets
    1000.000ns delay constraint less
      0.146ns L_S requirement (totaling 999.854ns) by 993.010ns

 Path Details: \OS00/OS01/sdiv_71__i15 to \OS00/OS01/outdiv_58

   Name    Fanout   Delay (ns)          Pins               Resource(Cell.Net)
L_CO        ---     0.403             CK to Q              \OS00/OS01/sdiv_71__i15 (from oscraw0_c)
Route         2   e 1.002                                  \OS00/OS01/sdiv[15]
LUT4        ---     0.448              B to Z              \OS00/OS01/i2_3_lut
Route         3   e 1.051                                  \OS00/OS01/n3
LUT4        ---     0.448              C to Z              \OS00/OS01/oscdiv0_c_bdd_3_lut_889_4_lut
Route         1   e 0.020                                  \OS00/OS01/n1004
MUXL5       ---     0.212           BLUT to Z              \OS00/OS01/i886
Route         1   e 0.788                                  \OS00/OS01/n1005
LUT4        ---     0.448              C to Z              \OS00/OS01/n1005_bdd_3_lut_3_lut
Route         1   e 0.788                                  \OS00/OS01/n1006
LUT4        ---     0.448              B to Z              \OS00/OS01/n1013_bdd_3_lut
Route         1   e 0.788                                  \OS00/OS01/outdiv_N_171
                  --------
                    6.844  (35.2% logic, 64.8% route), 6 logic levels.

Report: 7.156 ns is the maximum delay for this constraint.



================================================================================
Constraint: create_clock -period 1000.000000 -name clk0 [get_nets oscdiv0_c]
            108 items scored, 0 timing errors detected.
--------------------------------------------------------------------------------


Passed:  The following path meets requirements by 992.401ns

 Logical Details:  Cell type  Pin type       Cell name  (clock net +/-)

   Source:         FD1S3AY    CK             \CONT00/C_i3  (from oscdiv0_c +)
   Destination:    FD1P3AY    D              \CONT00/display_i0_i4  (to oscdiv0_c +)

   Delay:                   7.453ns  (29.5% logic, 70.5% route), 5 logic levels.

 Constraint Details:

      7.453ns data_path \CONT00/C_i3 to \CONT00/display_i0_i4 meets
    1000.000ns delay constraint less
      0.146ns L_S requirement (totaling 999.854ns) by 992.401ns

 Path Details: \CONT00/C_i3 to \CONT00/display_i0_i4

   Name    Fanout   Delay (ns)          Pins               Resource(Cell.Net)
L_CO        ---     0.403             CK to Q              \CONT00/C_i3 (from oscdiv0_c)
Route        10   e 1.388                                  C0_c_2
LUT4        ---     0.448              C to Z              \CONT00/i2_2_lut_rep_19_3_lut
Route         5   e 1.174                                  \CONT00/n1028
LUT4        ---     0.448              D to Z              \CONT00/F_3__I_0_27_i13_2_lut_rep_13_4_lut
Route         2   e 0.954                                  \CONT00/n1022
LUT4        ---     0.448              C to Z              \CONT00/i3_4_lut
Route         2   e 0.954                                  \CONT00/n911
LUT4        ---     0.448              C to Z              \CONT00/i1_2_lut_3_lut
Route         1   e 0.788                                  \CONT00/tecla[3]
                  --------
                    7.453  (29.5% logic, 70.5% route), 5 logic levels.


Passed:  The following path meets requirements by 992.401ns

 Logical Details:  Cell type  Pin type       Cell name  (clock net +/-)

   Source:         FD1S3AY    CK             \CONT00/C_i3  (from oscdiv0_c +)
   Destination:    FD1P3AY    D              \CONT00/display_i0_i3  (to oscdiv0_c +)

   Delay:                   7.453ns  (29.5% logic, 70.5% route), 5 logic levels.

 Constraint Details:

      7.453ns data_path \CONT00/C_i3 to \CONT00/display_i0_i3 meets
    1000.000ns delay constraint less
      0.146ns L_S requirement (totaling 999.854ns) by 992.401ns

 Path Details: \CONT00/C_i3 to \CONT00/display_i0_i3

   Name    Fanout   Delay (ns)          Pins               Resource(Cell.Net)
L_CO        ---     0.403             CK to Q              \CONT00/C_i3 (from oscdiv0_c)
Route        10   e 1.388                                  C0_c_2
LUT4        ---     0.448              C to Z              \CONT00/i2_2_lut_rep_19_3_lut
Route         5   e 1.174                                  \CONT00/n1028
LUT4        ---     0.448              D to Z              \CONT00/F_3__I_0_27_i13_2_lut_rep_13_4_lut
Route         2   e 0.954                                  \CONT00/n1022
LUT4        ---     0.448              C to Z              \CONT00/i3_4_lut
Route         2   e 0.954                                  \CONT00/n911
LUT4        ---     0.448              B to Z              \CONT00/i1_4_lut
Route         1   e 0.788                                  \CONT00/tecla[2]
                  --------
                    7.453  (29.5% logic, 70.5% route), 5 logic levels.


Passed:  The following path meets requirements by 992.401ns

 Logical Details:  Cell type  Pin type       Cell name  (clock net +/-)

   Source:         FD1S3AY    CK             \CONT00/C_i2  (from oscdiv0_c +)
   Destination:    FD1P3AY    D              \CONT00/display_i0_i4  (to oscdiv0_c +)

   Delay:                   7.453ns  (29.5% logic, 70.5% route), 5 logic levels.

 Constraint Details:

      7.453ns data_path \CONT00/C_i2 to \CONT00/display_i0_i4 meets
    1000.000ns delay constraint less
      0.146ns L_S requirement (totaling 999.854ns) by 992.401ns

 Path Details: \CONT00/C_i2 to \CONT00/display_i0_i4

   Name    Fanout   Delay (ns)          Pins               Resource(Cell.Net)
L_CO        ---     0.403             CK to Q              \CONT00/C_i2 (from oscdiv0_c)
Route        10   e 1.388                                  C0_c_1
LUT4        ---     0.448              A to Z              \CONT00/i2_2_lut_rep_19_3_lut
Route         5   e 1.174                                  \CONT00/n1028
LUT4        ---     0.448              D to Z              \CONT00/F_3__I_0_27_i13_2_lut_rep_13_4_lut
Route         2   e 0.954                                  \CONT00/n1022
LUT4        ---     0.448              C to Z              \CONT00/i3_4_lut
Route         2   e 0.954                                  \CONT00/n911
LUT4        ---     0.448              C to Z              \CONT00/i1_2_lut_3_lut
Route         1   e 0.788                                  \CONT00/tecla[3]
                  --------
                    7.453  (29.5% logic, 70.5% route), 5 logic levels.

Report: 7.599 ns is the maximum delay for this constraint.


Timing Report Summary
--------------
--------------------------------------------------------------------------------
Constraint                              |   Constraint|       Actual|Levels
--------------------------------------------------------------------------------
                                        |             |             |
create_clock -period 1000.000000 -name  |             |             |
clk1 [get_nets oscraw0_c]               |  1000.000 ns|     7.156 ns|     6  
                                        |             |             |
create_clock -period 1000.000000 -name  |             |             |
clk0 [get_nets oscdiv0_c]               |  1000.000 ns|     7.599 ns|     5  
                                        |             |             |
--------------------------------------------------------------------------------


All constraints were met.



Timing summary:
---------------

Timing errors: 0  Score: 0

Constraints cover  797 paths, 106 nets, and 238 connections (65.4% coverage)


Peak memory: 58757120 bytes, TRCE: 544768 bytes, DLYMAN: 0 bytes
CPU_TIME_REPORT: 0 secs 
