Running in Lattice mode


Starting:    C:\ispLEVER_Classic2_0\synpbase\win64\mbin\synbatch.exe
Install:     C:\ispLEVER_Classic2_0\synpbase
Date:        Thu Jun 01 04:39:47 2017
Version:     I-2014.03LC 

Arguments:   -product synplify_pro  -batch c:/users/richie/desktop/4 semestre/dsd/teclado matricial\top_teclado0.prj
ProductType: synplify_pro





log file: "C:\users\richie\desktop\4 semestre\dsd\teclado matricial\top_teclado0.srr"

Generating HDL info...
hdl_info_gen Completed
Return Code: 0
Run Time:0h:00m:01s
log file: "C:\users\richie\desktop\4 semestre\dsd\teclado matricial\top_teclado0.srr"

Running top_teclado0|teclado matricial

Running: Compile on top_teclado0|teclado matricial

Running: Compile Process on top_teclado0|teclado matricial

Running: Compile Input on top_teclado0|teclado matricial
Copied C:\users\richie\desktop\4 semestre\dsd\teclado matricial\synwork\top_teclado0_comp.srs to C:\users\richie\desktop\4 semestre\dsd\teclado matricial\top_teclado0.srs
compiler Completed
Return Code: 0
Run Time:0h:00m:01s

Running: Multi-srs Generator on top_teclado0|teclado matricial
Copied C:\users\richie\desktop\4 semestre\dsd\teclado matricial\synwork\top_teclado0_comp.srs to C:\users\richie\desktop\4 semestre\dsd\teclado matricial\synwork\top_teclado0_s.srs
multi_srs_gen Completed
Return Code: 0
Run Time:0h:00m:00s
Copied C:\users\richie\desktop\4 semestre\dsd\teclado matricial\synwork\top_teclado0_mult.srs to C:\users\richie\desktop\4 semestre\dsd\teclado matricial\top_teclado0.srs
Copied C:\users\richie\desktop\4 semestre\dsd\teclado matricial\top_teclado0.srr to C:\users\richie\desktop\4 semestre\dsd\teclado matricial\top_teclado0.srf
Complete: Compile Process on top_teclado0|teclado matricial
Complete: Compile on top_teclado0|teclado matricial

Running: Map on top_teclado0|teclado matricial

Running: Map & Optimize on top_teclado0|teclado matricial
fpga_mapper Completed
Return Code: 0
Run Time:0h:00m:01s
Complete: Map on top_teclado0|teclado matricial
Complete: Logic Synthesis on top_teclado0|teclado matricial

exit status=0

exit status=0

