Running in Lattice mode


Starting:    C:\ispLEVER_Classic2_0\synpbase\win64\mbin\synbatch.exe
Install:     C:\ispLEVER_Classic2_0\synpbase
Date:        Fri May 12 19:55:06 2017
Version:     I-2014.03LC 

Arguments:   -product synplify_pro  -batch c:/users/richie/desktop/4 semestre/dsd/convertidor binario gray\top_deca0.prj
ProductType: synplify_pro





log file: "C:\users\richie\desktop\4 semestre\dsd\convertidor binario gray\top_deca0.srr"

Generating HDL info...
hdl_info_gen Completed
Return Code: 0
Run Time:0h:00m:00s
log file: "C:\users\richie\desktop\4 semestre\dsd\convertidor binario gray\top_deca0.srr"

Running top_deca0|convertidor binario gray

Running: Compile on top_deca0|convertidor binario gray

Running: Compile Process on top_deca0|convertidor binario gray

Running: Compile Input on top_deca0|convertidor binario gray
Copied C:\users\richie\desktop\4 semestre\dsd\convertidor binario gray\synwork\top_deca0_comp.srs to C:\users\richie\desktop\4 semestre\dsd\convertidor binario gray\top_deca0.srs
compiler Completed
Return Code: 0
Run Time:0h:00m:01s

Running: Multi-srs Generator on top_deca0|convertidor binario gray
Copied C:\users\richie\desktop\4 semestre\dsd\convertidor binario gray\synwork\top_deca0_comp.srs to C:\users\richie\desktop\4 semestre\dsd\convertidor binario gray\synwork\top_deca0_s.srs
multi_srs_gen Completed
Return Code: 0
Run Time:0h:00m:01s
Copied C:\users\richie\desktop\4 semestre\dsd\convertidor binario gray\synwork\top_deca0_mult.srs to C:\users\richie\desktop\4 semestre\dsd\convertidor binario gray\top_deca0.srs
Copied C:\users\richie\desktop\4 semestre\dsd\convertidor binario gray\top_deca0.srr to C:\users\richie\desktop\4 semestre\dsd\convertidor binario gray\top_deca0.srf
Complete: Compile Process on top_deca0|convertidor binario gray
Complete: Compile on top_deca0|convertidor binario gray

Running: Map on top_deca0|convertidor binario gray

Running: Map & Optimize on top_deca0|convertidor binario gray
fpga_mapper Completed
Return Code: 0
Run Time:0h:00m:00s
Complete: Map on top_deca0|convertidor binario gray
Complete: Logic Synthesis on top_deca0|convertidor binario gray

exit status=0

exit status=0

