ispLEVER Auto-Make Log File
---------------------------

Updating: JEDEC File
Start to record tcl script...
Finished recording TCL script.

Starting: 'C:\ispLEVER_Classic2_0\ispcpld\bin\edif2blf.exe -edf dp.edi -out dp.bl0 -err automake.err -log dp.log -prj untitled -lib "C:\ispLEVER_Classic2_0\ispcpld/dat/mach.edn" -net_Vcc VCC -net_GND GND -nbx -dse -tlw -cvt YES -xor'

Starting EDIF2BLIF....
readEDIF ended normally.

EDIF2BLIF: Warning: Remove floating instance: :
	trans1_pad

Inspect circuit dp
    Number of input ports   : 4
    Number of output ports  : 6
    Number of bidir ports   : 0
    Number of instances     : 173
    Number of nets          : 176

No design errors found in circuit dp

WriteBLIF ended normally.

Done: completed successfully.

Starting: 'C:\ispLEVER_Classic2_0\ispcpld\bin\mblifopt.exe dp.bl0 -collapse none -reduce none -keepwires -gui -err automake.err -family'

BLIFOPT  Open-ABEL Optimizer 
U.C. Berkeley, SIS Ver. 1.0, supported by Lattice Semiconductor
ispLEVER Classic 2.0 Copyright 1992-2015 Lattice Semiconductor. All Rights Reserved.
Reading Open-ABEL 2 file dp.bl0...
Writing Open-ABEL 2 (BLIF) file dp.bl1...
Note    0: 
BLIFOPT complete - Time 0 seconds
Done: completed successfully.

Starting: 'C:\ispLEVER_Classic2_0\ispcpld\bin\mblflink.exe "dp.bl1" -o "untitled.bl2" -omod "untitled" -gui -err "automake.err"'

BLIFLINK  Top-Down Design Linker
ispLEVER Classic 2.0 Copyright 1992-2015 Lattice Semiconductor. All Rights Reserved.

Top-level file: 'dp.bl1'

Hierarchical BLIF: 'untitled.bl2'

BLIFLINK complete.  Time: 1 second 
Done: completed successfully.

Starting: 'C:\ispLEVER_Classic2_0\ispcpld\bin\impsrc.exe -gui -prj untitled -lci untitled.lct -log untitled.imp -err automake.err -tti untitled.bl2 -dir c:\users\richie\desktop\4 semestre\dsd\ha'

Source constraints were successfully imported to the current project.
Done: completed successfully.

Starting: 'C:\ispLEVER_Classic2_0\ispcpld\bin\abelvci.exe -vci untitled.lct -blifopt untitled.b2_'

Done: completed successfully.

Starting: 'C:\ispLEVER_Classic2_0\ispcpld\bin\mblifopt.exe untitled.bl2 -sweep -mergefb -err automake.err -o untitled.bl3 @untitled.b2_ -gui'

BLIFOPT  Open-ABEL Optimizer 
U.C. Berkeley, SIS Ver. 1.0, supported by Lattice Semiconductor
ispLEVER Classic 2.0 Copyright 1992-2015 Lattice Semiconductor. All Rights Reserved.
Reading Open-ABEL 2 file untitled.bl2...
Merging feedbacks...
Note 13707: Node edo_futuro_2_N_25_1 is collapsed...
Note 13707: Node edo_futuro_2_N_25_0 is collapsed...
Note 13707: Node edo_futuro_2_N_16_2 is collapsed...
Note 13707: Node n514 is collapsed...
Note 13707: Node salida_7_N_34_0 is collapsed...
Note 13707: Node salida_7_N_42_7 is collapsed...
Note 13707: Node salida_7_N_42_6 is collapsed...
Note 13707: Node salida_7_N_42_5 is collapsed...
Note 13707: Node salida_7_N_42_4 is collapsed...
Note 13707: Node salida_7_N_42_3 is collapsed...
Note 13707: Node salida_7_N_42_2 is collapsed...
Note 13707: Node n518 is collapsed...
Note 13707: Node n442 is collapsed...
Note 13707: Node n2 is collapsed...
Note 13707: Node n1_adj_2 is collapsed...
Note 13707: Node n428 is collapsed...
Note 13707: Node n6_adj_4 is collapsed...
Note 13707: Node n395 is collapsed...
Note 13707: Node n1 is collapsed...
Note 13707: Node n434 is collapsed...
Note 13707: Node n550 is collapsed...
Note 13707: Node i1_adj_3 is collapsed...
Note 13707: Node i1_adj_8 is collapsed...
Note 13707: Node i1_adj_9 is collapsed...
Note 13707: Node n522 is collapsed...
Note 13707: Node n549 is collapsed...
Note 13707: Node n530 is collapsed...
Note 13707: Node n515 is collapsed...
Note 13707: Node n533 is collapsed...
Note 13707: Node i2_adj_4 is collapsed...
Note 13707: Node n535 is collapsed...
Note 13707: Node n548 is collapsed...
Note 13707: Node n529 is collapsed...
Note 13707: Node i1_adj_7 is collapsed...
Note 13707: Node n372 is collapsed...
Note 13707: Node n525 is collapsed...
Note 13707: Node n440 is collapsed...
Note 13707: Node i439 is collapsed...
Note 13707: Node n552 is collapsed...
Note 13707: Node n546 is collapsed...
Note 13707: Node i1_adj_6 is collapsed...
Note 13707: Node i1_adj_5 is collapsed...
Note 13707: Node n559 is collapsed...
Note 13707: Node n539 is collapsed...
Note 13707: Node n528 is collapsed...
Note 13707: Node i151 is collapsed...
Note 13707: Node i1_adj_1 is collapsed...
Note 13707: Node i144 is collapsed...
Note 13707: Node n543 is collapsed...
Note 13707: Node i137 is collapsed...
Note 13707: Node i130 is collapsed...
Note 13707: Node i123 is collapsed...
Note 13707: Node n516 is collapsed...
Note 13707: Node n519 is collapsed...
Note 13707: Node n520 is collapsed...
Note 13707: Node n14 is collapsed...
Note 13707: Node n444 is collapsed...
Note 13707: Node n555 is collapsed...
Note 13707: Node n558 is collapsed...
Note 13707: Node n561 is collapsed...
Note 13707: Node n564 is collapsed...
Note 13707: Node n263 is collapsed...
Note 13707: Node n447 is collapsed...
Note 13707: Node n384 is collapsed...
Note 13707: Node X_c_1 is collapsed...
Note 13707: Node X_c_0 is collapsed...
Note 13707: Node n379 is collapsed...
Note 13707: Node n256 is collapsed...
Note 13707: Node n6 is collapsed...
Note 13707: Node n10 is collapsed...
Note 13707: Node ctrl_c_1 is collapsed...
Note 13707: Node n393 is collapsed...
Note 13707: Node edo_futuro_2_N_22_0 is collapsed...
Note 13707: Node n235 is collapsed...
Note 13707: Node n169 is collapsed...
Note 13707: Node n3 is collapsed...
Note 13707: Node n532 is collapsed...
Note 13707: Node n562 is collapsed...
Note 13707: Node n538 is collapsed...
Note 13707: Node n547 is collapsed...
Note 13707: Node n526 is collapsed...
Note 13707: Node n531 is collapsed...
Note 13707: Node n541 is collapsed...
Note 13707: Node n537 is collapsed...
Note 13707: Node n228 is collapsed...
Note 13707: Node n4 is collapsed...
Note 13707: Node n4_adj_1 is collapsed...
Note 13707: Node edo_futuro_2_N_16_1 is collapsed...
Note 13707: Node n521 is collapsed...
Note 13707: Node clk_c is collapsed...
Note 13707: Node ctrl_1_N_3_1 is collapsed...
Note 13707: Node n12 is collapsed...
Note 13707: Node n102 is collapsed...
Note 13707: Node n524 is collapsed...
Note 13707: Node n523 is collapsed...
Note 13707: Node n565 is collapsed...
Note 13707: Node n394 is collapsed...
Note 13707: Node n242 is collapsed...
Note 13707: Node n534 is collapsed...
Note 13707: Node n536 is collapsed...
Note 13707: Node n540 is collapsed...
Note 13707: Node n527 is collapsed...
Note 13707: Node n544 is collapsed...
Note 13707: Node n553 is collapsed...
Note 13707: Node ctrl_c_0 is collapsed...
Note 13707: Node n556 is collapsed...
Note 13707: Fmax mode optimizing 8 critical paths, 3 levels ...
Note 13707: Fmax mode optimizing 16 critical paths, 2 levels ...
Note 13707: Node i158 is collapsed...
Note 13707: Node n411 is collapsed...
Note 13707: Fmax mode optimizing 7 critical paths, 2 levels ...
Note 13707: Node n249 is collapsed...
Note 13707: Node n8 is collapsed...
Note 13707: Fmax mode optimizing 4 critical paths, 2 levels ...
Note 13707: Node n3_adj_3 is collapsed...
Note 13707: Fmax mode satisfied
Note 13707: Node n432 is collapsed...
Control path optimization...
Warning 13707:Unused pin 'trans1' removed.
Warning 13707:Unused pin 'trans2' removed.
Performing 'bypin choose' optimization...
........

Note: Pin 'decenas_2_' seems to be unused (tied to ground and output enable always inactive).
Note: Pin 'decenas_1_' seems to be unused (tied to ground and output enable always inactive).
Note: Pin 'decenas_0_' seems to be unused (tied to ground and output enable always inactive).
Note: Pin 'displayu_5_' seems to be unused (tied to ground and output enable always inactive).
Note: Pin 'displayu_4_' seems to be unused (tied to ground and output enable always inactive).
Note: Pin 'displayu_3_' seems to be unused (tied to ground and output enable always inactive).
Note: Pin 'displayu_2_' seems to be unused (tied to ground and output enable always inactive).
Note: Pin 'unidades_3_' seems to be unused (tied to ground and output enable always inactive).
Note: Pin 'displayu_1_' seems to be unused (tied to ground and output enable always inactive).
Note: Pin 'displayu_0_' seems to be unused (tied to ground and output enable always inactive).
Note: Pin 'decenas_3_' seems to be unused (tied to ground and output enable always inactive).
Note: Pin 'displayd_5_' seems to be unused (tied to ground and output enable always inactive).
Note: Pin 'displayd_4_' seems to be unused (tied to ground and output enable always inactive).
Note: Pin 'displayu_6_' seems to be unused (tied to ground and output enable always inactive).
Note: Pin 'displayd_3_' seems to be unused (tied to ground and output enable always inactive).
Note: Pin 'displayd_2_' seems to be unused (tied to ground and output enable always inactive).
Note: Pin 'displayd_6_' seems to be unused (tied to ground and output enable always inactive).
Note: Pin 'displayd_1_' seems to be unused (tied to ground and output enable always inactive).
Note: Pin 'displayd_0_' seems to be unused (tied to ground and output enable always inactive).
Note: Pin 'unidades_2_' seems to be unused (tied to ground and output enable always inactive).
Note: Pin 'unidades_1_' seems to be unused (tied to ground and output enable always inactive).
Note: Pin 'unidades_0_' seems to be unused (tied to ground and output enable always inactive).

Note: You can set environment variable "remove_undriven_pin=Yes" to remove above undriven pin.
Note    0: Estimated (clusters + macrocells): 50, Fmax Logic Level: 1
Writing Open-ABEL 2 (BLIF) file untitled.bl3...
Note    0: 
BLIFOPT complete - Time 1 seconds
Done: completed successfully.

Starting: 'C:\ispLEVER_Classic2_0\ispcpld\bin\abelvci.exe -vci untitled.lct -dev lc4k -diofft untitled.d0'

Done: completed successfully.

Starting: 'C:\ispLEVER_Classic2_0\ispcpld\bin\mdiofft.exe untitled.bl3 -family AMDMACH -idev van -o untitled.bl4 -oxrf untitled.xrf -err automake.err @untitled.d0 -gui'

DIOFFT  Flip-Flop Transformation program
ispLEVER Classic 2.0 Copyright 1992-2015 Lattice Semiconductor. All Rights Reserved.
Input file: untitled.bl3.
Output file: untitled.bl4.
Cross reference file: untitled.xrf.

.......................................................
Shortening signal names...
Writing signal name cross reference file untitled.xrf... 

DIOFFT complete - Time 0 seconds
Done: completed successfully.

Starting: 'C:\ispLEVER_Classic2_0\ispcpld\bin\abelvci.exe -vci untitled.lct -dev lc4k -prefit untitled.l0'

Done: completed successfully.

Starting: 'C:\ispLEVER_Classic2_0\ispcpld\bin\prefit.exe -blif -inp untitled.bl4 -out untitled.bl5 -err automake.err -log untitled.log -mod dp @untitled.l0 -gui -sc'

Prefit Logic Optimizer (May 31 2012)  Fri Jun 16 17:54:36 2017

C:\ispLEVER_Classic2_0\ispcpld\bin\prefit.exe -blif -inp untitled.bl4 -out untitled.bl5 -err automake.err -log untitled.log -mod dp @untitled.l0 -gui -sc 
<Note> F34000: salida_6_.CE has too many product terms. An node will be applied.
<Note> F34000: salida_5_.CE has too many product terms. An node will be applied.
<Note> F34000: salida_7_.CE has too many product terms. An node will be applied.
<Note> F34000: salida_4_.CE has too many product terms. An node will be applied.
<Note> F34000: salida_3_.CE has too many product terms. An node will be applied.
<Note> F34000: salida_2_.CE has too many product terms. An node will be applied.
<Note> F34000: salida_1_.CE has too many product terms. An node will be applied.
<Note> F34000: salida_0_.CE has too many product terms. An node will be applied.
<Note> F34000: buried node salida_6__0 generated

Number of pins (IO)    :    35
Number of outputs (MC) :    36
Number of registers    :    11
Number of logic pterms :    50
C:\ispLEVER_Classic2_0\ispcpld\bin\prefit.exe complete - Time 0 seconds

Done: completed successfully.

Starting: 'C:\ispLEVER_Classic2_0\ispcpld\bin\lpf4k.exe @"untitled.rs2"'

Project 'untitled' was Fitted Successfully!

Done: completed successfully.

Starting: 'C:\ispLEVER_Classic2_0\ispcpld\bin\tda.exe -i untitled.bl5 -o untitled.tda -lci untitled.lct -dev m4e_256_96 -family lc4k -mod dp -ovec NoInput.tmv -err tda.err -gui'

TDA  - Timing Driven Analyze 
Ver. 1.0, supported by Lattice Semiconductor
ispLEVER Classic 2.0 Copyright 1992-2015 Lattice Semiconductor. All Rights Reserved.

TDA complete - Time 1 seconds
Done: completed successfully.

Starting: 'C:\ispLEVER_Classic2_0\ispcpld\bin\synsvf.exe -exe "C:\ispLEVER_Classic2_0\ispvmsystem/ispufw" -prj untitled -if untitled.jed -j2s -log untitled.svl -gui'

Need not generate svf file according to the constraints, exit
Done: completed successfully.
