Running in Lattice mode


Starting:    C:\ispLEVER_Classic2_0\synpbase\win64\mbin\synbatch.exe
Install:     C:\ispLEVER_Classic2_0\synpbase
Date:        Tue Apr 25 22:50:18 2017
Version:     I-2014.03LC 

Arguments:   -product synplify_pro  -batch c:/users/richie/desktop/4 semestre/dsd/registro practica 3\topregistro0.prj
ProductType: synplify_pro





log file: "C:\users\richie\desktop\4 semestre\dsd\registro practica 3\topregistro0.srr"

Generating HDL info...
hdl_info_gen Completed
Return Code: 0
Run Time:0h:00m:01s
log file: "C:\users\richie\desktop\4 semestre\dsd\registro practica 3\topregistro0.srr"

Running topregistro0|registro practica 3

Running: Compile on topregistro0|registro practica 3

Running: Compile Process on topregistro0|registro practica 3

Running: Compile Input on topregistro0|registro practica 3
Copied C:\users\richie\desktop\4 semestre\dsd\registro practica 3\synwork\topregistro0_comp.srs to C:\users\richie\desktop\4 semestre\dsd\registro practica 3\topregistro0.srs
compiler Completed
Return Code: 0
Run Time:0h:00m:01s

Running: Multi-srs Generator on topregistro0|registro practica 3
Copied C:\users\richie\desktop\4 semestre\dsd\registro practica 3\synwork\topregistro0_comp.srs to C:\users\richie\desktop\4 semestre\dsd\registro practica 3\synwork\topregistro0_s.srs
multi_srs_gen Completed
Return Code: 0
Run Time:0h:00m:01s
Copied C:\users\richie\desktop\4 semestre\dsd\registro practica 3\synwork\topregistro0_mult.srs to C:\users\richie\desktop\4 semestre\dsd\registro practica 3\topregistro0.srs
Copied C:\users\richie\desktop\4 semestre\dsd\registro practica 3\topregistro0.srr to C:\users\richie\desktop\4 semestre\dsd\registro practica 3\topregistro0.srf
Complete: Compile Process on topregistro0|registro practica 3
Complete: Compile on topregistro0|registro practica 3

Running: Map on topregistro0|registro practica 3

Running: Map & Optimize on topregistro0|registro practica 3
fpga_mapper Completed
Return Code: 0
Run Time:0h:00m:00s
Complete: Map on topregistro0|registro practica 3
Complete: Logic Synthesis on topregistro0|registro practica 3

exit status=0

exit status=0

