
         Lattice Mapping Report File for Design Module 'topContador'


Design Information
------------------

Command line:   map -a MachXO2 -p LCMXO2-7000HE -t TQFP144 -s 4 -oc Commercial
     prac4_impl1.ngd -o prac4_impl1_map.ncd -pr prac4_impl1.prf -mp
     prac4_impl1.mrp -lpf C:/Users/JCVELMON/Desktop/Semestre
     Actual/DSD/practica_4_v2/impl1/prac4_impl1.lpf -lpf
     C:/Users/JCVELMON/Desktop/Semestre Actual/DSD/practica_4_v2/prac4.lpf -c 0
     -gui 
Target Vendor:  LATTICE
Target Device:  LCMXO2-7000HETQFP144
Target Performance:   4
Mapper:  xo2c00,  version:  Diamond Version 3.9.1.119
Mapped on:  11/13/17  10:21:58

Design Summary
--------------

   Number of registers:     39 out of  7209 (1%)
      PFU registers:           39 out of  6864 (1%)
      PIO registers:            0 out of   345 (0%)
   Number of SLICEs:        39 out of  3432 (1%)
      SLICEs as Logic/ROM:     39 out of  3432 (1%)
      SLICEs as RAM:            0 out of  2574 (0%)
      SLICEs as Carry:         11 out of  3432 (0%)
   Number of LUT4s:         70 out of  6864 (1%)
      Number used as logic LUTs:         48
      Number used as distributed RAM:     0
      Number used as ripple logic:       22
      Number used as shift registers:     0
   Number of PIO sites used: 16 + 4(JTAG) out of 115 (17%)
   Number of block RAMs:  0 out of 26 (0%)
   Number of GSRs:  0 out of 1 (0%)
   EFB used :       No
   JTAG used :      No
   Readback used :  No
   Oscillator used :  Yes
   Startup used :   No
   POR :            On
   Bandgap :        On
   Number of Power Controller:  0 out of 1 (0%)
   Number of Dynamic Bank Controller (BCINRD):  0 out of 6 (0%)
   Number of Dynamic Bank Controller (BCLVDSO):  0 out of 1 (0%)
   Number of DCCA:  0 out of 8 (0%)
   Number of DCMA:  0 out of 2 (0%)
   Number of PLLs:  0 out of 2 (0%)
   Number of DQSDLLs:  0 out of 2 (0%)
   Number of CLKDIVC:  0 out of 4 (0%)
   Number of ECLKSYNCA:  0 out of 4 (0%)
   Number of ECLKBRIDGECS:  0 out of 2 (0%)
   Notes:-
      1. Total number of LUT4s = (Number of logic LUT4s) + 2*(Number of
     distributed RAMs) + 2*(Number of ripple logic)
      2. Number of logic LUT4s does not include count of distributed RAM and
     ripple logic.
   Number of clocks:  2
     Net oscdiv0_c: 14 loads, 14 rising, 0 falling (Driver: OS00/OS01/outdiv_58
     )

                                    Page 1




Design:  topContador                                   Date:  11/13/17  10:21:58

Design Summary (cont)
---------------------
     Net oscraw0_c: 12 loads, 0 rising, 12 falling (Driver: OS00/OS00/OSCInst0 )
     
   Number of Clock Enables:  1
     Net clkdiv_N_23_enable_22: 12 loads, 12 LSLICEs
   Number of LSRs:  1
     Net OS00/OS01/n429: 11 loads, 11 LSLICEs
   Number of nets driven by tri-state buffers:  0
   Top 10 highest fanout non-clock nets:
     Net clkdiv_N_23_enable_22: 13 loads
     Net OS00/OS01/n429: 11 loads
     Net q0t_c: 11 loads
     Net q3t_c: 9 loads
     Net q4t_c: 9 loads
     Net q1t_c: 7 loads
     Net q5t_c: 7 loads
     Net indiv0_c_1: 6 loads
     Net indiv0_c_2: 6 loads
     Net indiv0_c_3: 6 loads




   Number of warnings:  2
   Number of errors:    0
     

Design Errors/Warnings
----------------------

WARNING - map: input pad net 'clk0' has no legal load.
WARNING - map: IO buffer missing for top level port clk0...logic will be
     discarded.

IO (PIO) Attributes
-------------------

+---------------------+-----------+-----------+------------+
| IO Name             | Direction | Levelmode | IO         |
|                     |           |  IO_TYPE  | Register   |
+---------------------+-----------+-----------+------------+
| oscdiv0             | OUTPUT    | LVCMOS25  |            |
+---------------------+-----------+-----------+------------+
| oscraw0             | OUTPUT    | LVCMOS25  |            |
+---------------------+-----------+-----------+------------+
| q0t                 | OUTPUT    | LVCMOS25  |            |
+---------------------+-----------+-----------+------------+
| q1t                 | OUTPUT    | LVCMOS25  |            |
+---------------------+-----------+-----------+------------+
| q2t                 | OUTPUT    | LVCMOS25  |            |
+---------------------+-----------+-----------+------------+
| q3t                 | OUTPUT    | LVCMOS25  |            |
+---------------------+-----------+-----------+------------+
| q4t                 | OUTPUT    | LVCMOS25  |            |
+---------------------+-----------+-----------+------------+
| q5t                 | OUTPUT    | LVCMOS25  |            |
+---------------------+-----------+-----------+------------+

                                    Page 2




Design:  topContador                                   Date:  11/13/17  10:21:58

IO (PIO) Attributes (cont)
--------------------------
| q6t                 | OUTPUT    | LVCMOS25  |            |
+---------------------+-----------+-----------+------------+
| q7t                 | OUTPUT    | LVCMOS25  |            |
+---------------------+-----------+-----------+------------+
| q8t                 | OUTPUT    | LVCMOS25  |            |
+---------------------+-----------+-----------+------------+
| indiv0[3]           | INPUT     | LVCMOS25  |            |
+---------------------+-----------+-----------+------------+
| indiv0[2]           | INPUT     | LVCMOS25  |            |
+---------------------+-----------+-----------+------------+
| indiv0[1]           | INPUT     | LVCMOS25  |            |
+---------------------+-----------+-----------+------------+
| indiv0[0]           | INPUT     | LVCMOS25  |            |
+---------------------+-----------+-----------+------------+
| c0                  | INPUT     | LVCMOS25  |            |
+---------------------+-----------+-----------+------------+

Removed logic
-------------

Block i5 undriven or does not drive anything - clipped.
Block GSR_INST undriven or does not drive anything - clipped.
Signal OS00/clkdiv_N_23 was merged into signal oscraw0_c
Signal GND_net undriven or does not drive anything - clipped.
Signal VCC_net undriven or does not drive anything - clipped.
Signal OS00/OS01/sdiv_59_add_4_1/S0 undriven or does not drive anything -
     clipped.
Signal OS00/OS01/sdiv_59_add_4_1/CI undriven or does not drive anything -
     clipped.
Signal OS00/OS01/sdiv_59_add_4_21/CO undriven or does not drive anything -
     clipped.
Block OS00/OS00/i711 was optimized away.
Block i1 was optimized away.

Memory Usage
------------


     

OSC Summary
-----------

OSC 1:                                     Pin/Node Value
  OSC Instance Name:                                OS00/OS00/OSCInst0
  OSC Type:                                         OSCH
  STDBY Input:                                      NONE
  OSC Output:                              PIN,NODE oscraw0_c
  OSC Nominal Frequency (MHz):                      2.08

ASIC Components
---------------

Instance Name: OS00/OS00/OSCInst0
         Type: OSCH


                                    Page 3




Design:  topContador                                   Date:  11/13/17  10:21:58

Run Time and Memory Usage
-------------------------

   Total CPU Time: 0 secs  
   Total REAL Time: 0 secs  
   Peak Memory Usage: 51 MB
        




















































                                    Page 4


Copyright (c) 1991-1994 by NeoCAD Inc. All rights reserved.
     Copyright (c) 1995 AT&T Corp.   All rights reserved.
     Copyright (c) 1995-2001 Lucent Technologies Inc.  All rights reserved.
     Copyright (c) 2001 Agere Systems   All rights reserved.
     Copyright (c) 2002-2017 Lattice Semiconductor Corporation,  All rights
     reserved.
