synthesis:  version Diamond Version 3.9.1.119

Copyright (c) 1991-1994 by NeoCAD Inc. All rights reserved.
Copyright (c) 1995 AT&T Corp.   All rights reserved.
Copyright (c) 1995-2001 Lucent Technologies Inc.  All rights reserved.
Copyright (c) 2001 Agere Systems   All rights reserved.
Copyright (c) 2002-2017 Lattice Semiconductor Corporation,  All rights reserved.
Mon Nov 13 10:20:12 2017


Command Line:  synthesis -f prac4_impl1_lattice.synproj -gui 

Synthesis options:
The -a option is MachXO2.
The -s option is 4.
The -t option is TQFP144.
The -d option is LCMXO2-7000HE.
Using package TQFP144.
Using performance grade 4.
                                                          

##########################################################

### Lattice Family : MachXO2

### Device  : LCMXO2-7000HE

### Package : TQFP144

### Speed   : 4

##########################################################

                                                          

INFO - synthesis: User-Selected Strategy Settings
Optimization goal = Balanced
Top-level module name = topContador.
Target frequency = 1.000000 MHz.
Maximum fanout = 1000.
Timing path count = 3
BRAM utilization = 100.000000 %
DSP usage = true
DSP utilization = 100.000000 %
fsm_encoding_style = auto
resolve_mixed_drivers = 0
fix_gated_clocks = 1

Mux style = Auto
Use Carry Chain = true
carry_chain_length = 0
Loop Limit = 1950.
Use IO Insertion = TRUE
Use IO Reg = AUTO

Resource Sharing = TRUE
Propagate Constants = TRUE
Remove Duplicate Registers = TRUE
force_gsr = auto
ROM style = auto
RAM style = auto
The -comp option is FALSE.
The -syn option is FALSE.
-p C:/lscc/diamond/3.9/ispfpga/xo2c00/data (searchpath added)
-p C:/Users/JCVELMON/Desktop/Semestre Actual/DSD/practica_4_v2/impl1 (searchpath added)
-p C:/Users/JCVELMON/Desktop/Semestre Actual/DSD/practica_4_v2 (searchpath added)
VHDL library = work
VHDL design file = C:/Users/JCVELMON/Desktop/Semestre Actual/DSD/practica_4_v2/impl1/packagediv00.vhd
VHDL design file = C:/Users/JCVELMON/Desktop/Semestre Actual/DSD/practica_4_v2/impl1/topdiv00.vhd
VHDL design file = C:/Users/JCVELMON/Desktop/Semestre Actual/DSD/practica_4_v2/impl1/div00.vhd
VHDL design file = C:/Users/JCVELMON/Desktop/Semestre Actual/DSD/practica_4_v2/impl1/osc00.vhd
VHDL design file = C:/Users/JCVELMON/Desktop/Semestre Actual/DSD/practica_4_v2/impl1/packageContador.vhd
VHDL design file = C:/Users/JCVELMON/Desktop/Semestre Actual/DSD/practica_4_v2/impl1/topContador.vhd
VHDL design file = C:/Users/JCVELMON/Desktop/Semestre Actual/DSD/practica_4_v2/impl1/contador0.vhd
NGD file = prac4_impl1.ngd
-sdc option: SDC file input not used.
-lpf option: Output file option is ON.
Hardtimer checking is enabled (default). The -dt option is not used.
The -r option is OFF. [ Remove LOC Properties is OFF. ]
Technology check ok...

Analyzing Verilog file C:/lscc/diamond/3.9/ispfpga/userware/NT/SYNTHESIS_HEADERS/machxo2.v. VERI-1482
Compile design.
Compile Design Begin
INFO - synthesis: The default VHDL library search path is now "C:/Users/JCVELMON/Desktop/Semestre Actual/DSD/practica_4_v2/impl1". VHDL-1504
Analyzing VHDL file c:/users/jcvelmon/desktop/semestre actual/dsd/practica_4_v2/impl1/packagediv00.vhd. VHDL-1481
WARNING - synthesis: c:/users/jcvelmon/desktop/semestre actual/dsd/practica_4_v2/impl1/packagediv00.vhd(4): 'components' is not compiled in library lattice. VHDL-1240
INFO - synthesis: c:/users/jcvelmon/desktop/semestre actual/dsd/practica_4_v2/impl1/packagediv00.vhd(8): analyzing package packagediv00. VHDL-1014
unit topContador is not yet analyzed. VHDL-1485
unit topContador is not yet analyzed. VHDL-1485
Analyzing VHDL file c:/users/jcvelmon/desktop/semestre actual/dsd/practica_4_v2/impl1/topdiv00.vhd. VHDL-1481
WARNING - synthesis: c:/users/jcvelmon/desktop/semestre actual/dsd/practica_4_v2/impl1/topdiv00.vhd(4): 'components' is not compiled in library lattice. VHDL-1240
INFO - synthesis: c:/users/jcvelmon/desktop/semestre actual/dsd/practica_4_v2/impl1/topdiv00.vhd(9): analyzing entity topdiv00. VHDL-1012
INFO - synthesis: c:/users/jcvelmon/desktop/semestre actual/dsd/practica_4_v2/impl1/topdiv00.vhd(17): analyzing architecture topdiv0. VHDL-1010
unit topContador is not yet analyzed. VHDL-1485
unit topContador is not yet analyzed. VHDL-1485
Analyzing VHDL file c:/users/jcvelmon/desktop/semestre actual/dsd/practica_4_v2/impl1/div00.vhd. VHDL-1481
WARNING - synthesis: c:/users/jcvelmon/desktop/semestre actual/dsd/practica_4_v2/impl1/div00.vhd(6): 'components' is not compiled in library lattice. VHDL-1240
INFO - synthesis: c:/users/jcvelmon/desktop/semestre actual/dsd/practica_4_v2/impl1/div00.vhd(10): analyzing entity div00. VHDL-1012
INFO - synthesis: c:/users/jcvelmon/desktop/semestre actual/dsd/practica_4_v2/impl1/div00.vhd(17): analyzing architecture div0. VHDL-1010
unit topContador is not yet analyzed. VHDL-1485
unit topContador is not yet analyzed. VHDL-1485
Analyzing VHDL file c:/users/jcvelmon/desktop/semestre actual/dsd/practica_4_v2/impl1/osc00.vhd. VHDL-1481
WARNING - synthesis: c:/users/jcvelmon/desktop/semestre actual/dsd/practica_4_v2/impl1/osc00.vhd(4): 'components' is not compiled in library lattice. VHDL-1240
INFO - synthesis: c:/users/jcvelmon/desktop/semestre actual/dsd/practica_4_v2/impl1/osc00.vhd(8): analyzing entity osc00. VHDL-1012
INFO - synthesis: c:/users/jcvelmon/desktop/semestre actual/dsd/practica_4_v2/impl1/osc00.vhd(13): analyzing architecture osc0. VHDL-1010
unit topContador is not yet analyzed. VHDL-1485
unit topContador is not yet analyzed. VHDL-1485
Analyzing VHDL file c:/users/jcvelmon/desktop/semestre actual/dsd/practica_4_v2/impl1/packagecontador.vhd. VHDL-1481
WARNING - synthesis: c:/users/jcvelmon/desktop/semestre actual/dsd/practica_4_v2/impl1/packagecontador.vhd(4): 'components' is not compiled in library lattice. VHDL-1240
INFO - synthesis: c:/users/jcvelmon/desktop/semestre actual/dsd/practica_4_v2/impl1/packagecontador.vhd(8): analyzing package packagecontador. VHDL-1014
unit topContador is not yet analyzed. VHDL-1485
unit topContador is not yet analyzed. VHDL-1485
Analyzing VHDL file c:/users/jcvelmon/desktop/semestre actual/dsd/practica_4_v2/impl1/topcontador.vhd. VHDL-1481
WARNING - synthesis: c:/users/jcvelmon/desktop/semestre actual/dsd/practica_4_v2/impl1/topcontador.vhd(4): 'components' is not compiled in library lattice. VHDL-1240
INFO - synthesis: c:/users/jcvelmon/desktop/semestre actual/dsd/practica_4_v2/impl1/topcontador.vhd(9): analyzing entity topcontador. VHDL-1012
INFO - synthesis: c:/users/jcvelmon/desktop/semestre actual/dsd/practica_4_v2/impl1/topcontador.vhd(19): analyzing architecture a_topcontador. VHDL-1010
unit topContador is not yet analyzed. VHDL-1485
unit topContador is not yet analyzed. VHDL-1485
Analyzing VHDL file c:/users/jcvelmon/desktop/semestre actual/dsd/practica_4_v2/impl1/contador0.vhd. VHDL-1481
INFO - synthesis: c:/users/jcvelmon/desktop/semestre actual/dsd/practica_4_v2/impl1/contador0.vhd(4): analyzing entity contador. VHDL-1012
INFO - synthesis: c:/users/jcvelmon/desktop/semestre actual/dsd/practica_4_v2/impl1/contador0.vhd(12): analyzing architecture a_b. VHDL-1010
unit topContador is not yet analyzed. VHDL-1485
unit topContador is not yet analyzed. VHDL-1485
unit topContador is not yet analyzed. VHDL-1485
c:/users/jcvelmon/desktop/semestre actual/dsd/practica_4_v2/impl1/topcontador.vhd(9): executing topContador(a_topContador)

WARNING - synthesis: c:/users/jcvelmon/desktop/semestre actual/dsd/practica_4_v2/impl1/topcontador.vhd(17): replacing existing netlist topContador(a_topContador). VHDL-1205
Top module name (VHDL): topContador
Loading NGL library 'C:/lscc/diamond/3.9/ispfpga/xo2c00a/data/xo2alib.ngl'...
Loading NGL library 'C:/lscc/diamond/3.9/ispfpga/xo2c00/data/xo2clib.ngl'...
Loading NGL library 'C:/lscc/diamond/3.9/ispfpga/mg5g00/data/mg5glib.ngl'...
Loading NGL library 'C:/lscc/diamond/3.9/ispfpga/or5g00/data/orc5glib.ngl'...
Loading device for application map from file 'xo2c7000.nph' in environment: C:/lscc/diamond/3.9/ispfpga.
Package Status:                     Final          Version 1.39.
Top-level module name = topContador.
######## Converting I/O port oscraw0 to output.
######## Converting I/O port oscdiv0 to output.
######## Converting I/O port clk0 to input.
######## Converting I/O port c0 to input.
######## Converting I/O port q0t to output.
######## Converting I/O port q1t to output.
######## Converting I/O port q2t to output.
######## Converting I/O port q3t to output.
######## Converting I/O port q4t to output.
######## Converting I/O port q5t to output.
######## Converting I/O port q6t to output.
######## Converting I/O port q7t to output.
######## Converting I/O port q8t to output.



GSR will not be inferred because no asynchronous signal was found in the netlist.
Applying 1.000000 MHz constraint to all clocks

WARNING - synthesis: No user .sdc file.
Results of NGD DRC are available in topContador_drc.log.
Loading NGL library 'C:/lscc/diamond/3.9/ispfpga/xo2c00a/data/xo2alib.ngl'...
Loading NGL library 'C:/lscc/diamond/3.9/ispfpga/xo2c00/data/xo2clib.ngl'...
Loading NGL library 'C:/lscc/diamond/3.9/ispfpga/mg5g00/data/mg5glib.ngl'...
Loading NGL library 'C:/lscc/diamond/3.9/ispfpga/or5g00/data/orc5glib.ngl'...
WARNING - synthesis: logical net 'clk0' has no load.
WARNING - synthesis: input pad net 'clk0' has no legal load.
WARNING - synthesis: DRC complete with 2 warnings.
All blocks are expanded and NGD expansion is successful.
Writing NGD file prac4_impl1.ngd.

################### Begin Area Report (topContador)######################
Number of register bits => 39 of 7209 (0 % )
CCU2D => 11
FD1P3AX => 1
FD1P3IX => 21
FD1S3AX => 17
GSR => 1
IB => 5
INV => 1
LUT4 => 48
OB => 11
PFUMX => 5
################### End Area Report ##################

################### Begin BlackBox Report ######################
OSCH("2.08")(1,4) => 1
TSALL => 1
################### End BlackBox Report ##################

################### Begin Clock Report ######################
Clock Nets
Number of Clocks: 2
  Net : OS00/OS01/oscdiv0_c, loads : 19
  Net : OS00/OS00/oscraw0_c, loads : 2
Clock Enable Nets
Number of Clock Enables: 1
Top 1 highest fanout Clock Enables:
  Net : clkdiv_N_23_enable_22, loads : 1
Highest fanout non-clock nets
Top 10 highest fanout non-clock nets:
  Net : clkdiv_N_23_enable_22, loads : 23
  Net : OS00/OS00/clkdiv_N_23, loads : 21
  Net : OS00/OS01/n429, loads : 21
  Net : contador0/q0t_c, loads : 10
  Net : contador0/q3t_c, loads : 8
  Net : contador0/q4t_c, loads : 8
  Net : indiv0_c_3, loads : 6
  Net : indiv0_c_2, loads : 6
  Net : indiv0_c_1, loads : 6
  Net : c0_c, loads : 6
################### End Clock Report ##################

Timing Report Summary
--------------
--------------------------------------------------------------------------------
Constraint                              |   Constraint|       Actual|Levels
--------------------------------------------------------------------------------
                                        |             |             |
create_clock -period 1000.000000 -name  |             |             |
clk1 [get_nets oscdiv0_c]               |    1.000 MHz|  145.688 MHz|     4  
                                        |             |             |
create_clock -period 1000.000000 -name  |             |             |
clk0 [get_nets oscraw0_c]               |    1.000 MHz|  112.600 MHz|     6  
                                        |             |             |
--------------------------------------------------------------------------------


All constraints were met.


Peak Memory Usage: 54.348  MB

--------------------------------------------------------------
Elapsed CPU time for LSE flow : 0.953  secs
--------------------------------------------------------------
