C:\ispLEVER_Classic2_0\synpbase\bin64\c_vhdl.exe  -osyn  "C:\users\richie\desktop\4 semestre\dsd\registro practica 3\synwork\topregistro0_hdl_.srs"  -top  topregistro0  -prodtype  synplify_pro  -nostructver -encrypt  -pro  -dmgen  "C:\users\richie\desktop\4 semestre\dsd\registro practica 3\dm"  -lite -compiler_compatible -ui -fid2 -ram -sharing on -ll 2000 -autosm -ignore_undefined_lib  -lib work "C:\users\richie\desktop\4 semestre\dsd\registro practica 3\packageregistro0.vhd" -lib work "C:\users\richie\desktop\4 semestre\dsd\registro practica 3\osc00.vhd" -lib work "C:\users\richie\desktop\4 semestre\dsd\registro practica 3\registro0.vhd" -lib work "C:\users\richie\desktop\4 semestre\dsd\registro practica 3\topregistro0.vhd" -loga  "C:\users\richie\desktop\4 semestre\dsd\registro practica 3\syntax.log"  -fileorder  "C:\users\richie\desktop\4 semestre\dsd\registro practica 3\syntmp\hdlorder.tcl" 
rc:0 success:1
C:\users\richie\desktop\4 semestre\dsd\registro practica 3\synwork\topregistro0_hdl_.srs|o|0|0
"C:\users\richie\desktop\4|i|0|0
semestre\dsd\registro|i|0|0
practica|i|0|0
3\packageregistro0.vhd"|i|0|0
"C:\users\richie\desktop\4|i|0|0
semestre\dsd\registro|i|0|0
practica|i|0|0
3\osc00.vhd"|i|0|0
"C:\users\richie\desktop\4|i|0|0
semestre\dsd\registro|i|0|0
practica|i|0|0
3\registro0.vhd"|i|0|0
"C:\users\richie\desktop\4|i|0|0
semestre\dsd\registro|i|0|0
practica|i|0|0
3\topregistro0.vhd"|i|0|0
C:\users\richie\desktop\4 semestre\dsd\registro practica 3\syntax.log|o|1493153419|1603
C:\ispLEVER_Classic2_0\synpbase\bin\c_vhdl.exe|i|1401227498|2046976
C:\ispLEVER_Classic2_0\synpbase\bin64\c_vhdl.exe|i|1401227704|5533184
