
synthesis -f "Prac_1_impl1_lattice.synproj"
synthesis:  version Diamond Version 3.9.0.99.2

Copyright (c) 1991-1994 by NeoCAD Inc. All rights reserved.
Copyright (c) 1995 AT&T Corp.   All rights reserved.
Copyright (c) 1995-2001 Lucent Technologies Inc.  All rights reserved.
Copyright (c) 2001 Agere Systems   All rights reserved.
Copyright (c) 2002-2017 Lattice Semiconductor Corporation,  All rights reserved.
Wed Sep 13 09:16:35 2017


Command Line:  synthesis -f Prac_1_impl1_lattice.synproj -gui -msgset C:/Users/JCVELMON/Desktop/Semestre Actual/DSD/practica_1_v2/promote.xml 

    <postMsg mid="35002000" type="Info"    dynamic="0" navigation="0"  />
Synthesis options:
The -a option is MachXO2.
The -s option is 5.
The -t option is TQFP144.
The -d option is LCMXO2-7000HE.
Using package TQFP144.
Using performance grade 5.
                                                          

##########################################################

### Lattice Family : MachXO2

### Device  : LCMXO2-7000HE

### Package : TQFP144

### Speed   : 5

##########################################################

                                                          

    <postMsg mid="35001781" type="Info"    dynamic="0" navigation="0"  />
Optimization goal = Balanced
Top-level module name = E_Prac1_1.
Target frequency = 1.000000 MHz.
Maximum fanout = 1000.
Timing path count = 3
BRAM utilization = 100.000000 %
DSP usage = true
DSP utilization = 100.000000 %
fsm_encoding_style = auto
resolve_mixed_drivers = 0
fix_gated_clocks = 1

Mux style = Auto
Use Carry Chain = true
carry_chain_length = 0
Loop Limit = 1950.
Use IO Insertion = TRUE
Use IO Reg = AUTO

Resource Sharing = TRUE
Propagate Constants = TRUE
Remove Duplicate Registers = TRUE
force_gsr = auto
ROM style = auto
RAM style = auto
The -comp option is FALSE.
The -syn option is FALSE.
-p C:/lscc/diamond/3.9/ispfpga/xo2c00/data (searchpath added)
-p C:/Users/JCVELMON/Desktop/Semestre Actual/DSD/practica_1_v2/impl1 (searchpath added)
-p C:/Users/JCVELMON/Desktop/Semestre Actual/DSD/practica_1_v2 (searchpath added)
VHDL library = work
VHDL design file = C:/Users/JCVELMON/Desktop/Semestre Actual/DSD/practica_1_v2/impl1/source/prac_1_final.vhd
NGD file = Prac_1_impl1.ngd
-sdc option: SDC file input not used.
-lpf option: Output file option is ON.
Hardtimer checking is enabled (default). The -dt option is not used.
The -r option is OFF. [ Remove LOC Properties is OFF. ]
Technology check ok...

Analyzing Verilog file C:/lscc/diamond/3.9/ispfpga/userware/NT/SYNTHESIS_HEADERS/machxo2.v. VERI-1482
Compile design.
Compile Design Begin
    <postMsg mid="35921504" type="Info"    dynamic="2" navigation="0" arg0="" arg1="C:/Users/JCVELMON/Desktop/Semestre Actual/DSD/practica_1_v2/impl1"  />
Analyzing VHDL file c:/users/jcvelmon/desktop/semestre actual/dsd/practica_1_v2/impl1/source/prac_1_final.vhd. VHDL-1481
    <postMsg mid="35921012" type="Info"    dynamic="2" navigation="2" arg0="c:/users/jcvelmon/desktop/semestre actual/dsd/practica_1_v2/impl1/source/prac_1_final.vhd(5): " arg1="e_prac1_1" arg2="c:/users/jcvelmon/desktop/semestre actual/dsd/practica_1_v2/impl1/source/prac_1_final.vhd" arg3="5"  />
    <postMsg mid="35921010" type="Info"    dynamic="2" navigation="2" arg0="c:/users/jcvelmon/desktop/semestre actual/dsd/practica_1_v2/impl1/source/prac_1_final.vhd(15): " arg1="a_prac1_1" arg2="c:/users/jcvelmon/desktop/semestre actual/dsd/practica_1_v2/impl1/source/prac_1_final.vhd" arg3="15"  />
unit E_Prac1_1 is not yet analyzed. VHDL-1485
unit E_Prac1_1 is not yet analyzed. VHDL-1485
c:/users/jcvelmon/desktop/semestre actual/dsd/practica_1_v2/impl1/source/prac_1_final.vhd(5): executing E_Prac1_1(A_Prac1_1)

    <postMsg mid="35921205" type="Warning" dynamic="3" navigation="2" arg0="c:/users/jcvelmon/desktop/semestre actual/dsd/practica_1_v2/impl1/source/prac_1_final.vhd(12): " arg1="E_Prac1_1" arg2="A_Prac1_1" arg3="c:/users/jcvelmon/desktop/semestre actual/dsd/practica_1_v2/impl1/source/prac_1_final.vhd" arg4="12"  />
Top module name (VHDL): E_Prac1_1
Last elaborated design is E_Prac1_1(A_Prac1_1)
Loading NGL library 'C:/lscc/diamond/3.9/ispfpga/xo2c00a/data/xo2alib.ngl'...
Loading NGL library 'C:/lscc/diamond/3.9/ispfpga/xo2c00/data/xo2clib.ngl'...
Loading NGL library 'C:/lscc/diamond/3.9/ispfpga/mg5g00/data/mg5glib.ngl'...
Loading NGL library 'C:/lscc/diamond/3.9/ispfpga/or5g00/data/orc5glib.ngl'...
Loading device for application map from file 'xo2c7000.nph' in environment: C:/lscc/diamond/3.9/ispfpga.
Package Status:                     Final          Version 1.39.
Top-level module name = E_Prac1_1.



GSR instance connected to net ME_N_8.
    <postMsg mid="35001752" type="Warning" dynamic="1" navigation="0" arg0="Display_6__I_0_i4"  />
    <postMsg mid="35001752" type="Warning" dynamic="1" navigation="0" arg0="Display_6__I_0_i3_reset"  />
    <postMsg mid="35001752" type="Warning" dynamic="1" navigation="0" arg0="Display_6__I_0_i2_reset"  />
Applying 1.000000 MHz constraint to all clocks

    <postMsg mid="35001611" type="Warning" dynamic="0" navigation="0"  />
Results of NGD DRC are available in E_Prac1_1_drc.log.
Loading NGL library 'C:/lscc/diamond/3.9/ispfpga/xo2c00a/data/xo2alib.ngl'...
Loading NGL library 'C:/lscc/diamond/3.9/ispfpga/xo2c00/data/xo2clib.ngl'...
Loading NGL library 'C:/lscc/diamond/3.9/ispfpga/mg5g00/data/mg5glib.ngl'...
Loading NGL library 'C:/lscc/diamond/3.9/ispfpga/or5g00/data/orc5glib.ngl'...


Running DRC...

DRC complete with no errors or warnings

Design Results:
     66 blocks expanded
completed the first expansion
All blocks are expanded and NGD expansion is successful.
Writing NGD file Prac_1_impl1.ngd.

################### Begin Area Report (E_Prac1_1)######################
Number of register bits => 5 of 7209 (0 % )
FD1S1A => 1
FD1S1B => 3
FD1S1D => 1
GSR => 1
IB => 12
LUT4 => 22
OB => 21
PFUMX => 2
################### End Area Report ##################

################### Begin BlackBox Report ######################
TSALL => 1
################### End BlackBox Report ##################

################### Begin Clock Report ######################
Clock Nets
Number of Clocks: 2
  Net : MA_N_6, loads : 6
  Net : Display_6__N_17, loads : 2
Clock Enable Nets
Number of Clock Enables: 0
Top 0 highest fanout Clock Enables:
Highest fanout non-clock nets
Top 10 highest fanout non-clock nets:
  Net : Sel_c_0, loads : 8
  Net : Sel_c_1, loads : 6
  Net : Ref_c_1, loads : 6
  Net : Ref_c_0, loads : 6
  Net : I_N_13, loads : 4
  Net : n536, loads : 3
  Net : Display_c, loads : 2
  Net : n353, loads : 2
  Net : Display2_c_3, loads : 2
  Net : Display3_c_3, loads : 2
################### End Clock Report ##################

Timing Report Summary
--------------
--------------------------------------------------------------------------------
Constraint                              |   Constraint|       Actual|Levels
--------------------------------------------------------------------------------
                                        |             |             |
create_clock -period 1000.000000 -name  |             |             |
clk0 [get_nets Display_6__N_17]         |            -|            -|     0  
                                        |             |             |
--------------------------------------------------------------------------------


All constraints were met.


Peak Memory Usage: 52.273  MB

--------------------------------------------------------------
Elapsed CPU time for LSE flow : 0.688  secs
--------------------------------------------------------------

map -a "MachXO2" -p LCMXO2-7000HE -t TQFP144 -s 5 -oc Commercial   "Prac_1_impl1.ngd" -o "Prac_1_impl1_map.ncd" -pr "Prac_1_impl1.prf" -mp "Prac_1_impl1.mrp" -lpf "C:/Users/JCVELMON/Desktop/Semestre Actual/DSD/practica_1_v2/impl1/Prac_1_impl1.lpf" -lpf "C:/Users/JCVELMON/Desktop/Semestre Actual/DSD/practica_1_v2/Prac_1.lpf" -c 0            
map:  version Diamond Version 3.9.0.99.2

Copyright (c) 1991-1994 by NeoCAD Inc. All rights reserved.
Copyright (c) 1995 AT&T Corp.   All rights reserved.
Copyright (c) 1995-2001 Lucent Technologies Inc.  All rights reserved.
Copyright (c) 2001 Agere Systems   All rights reserved.
Copyright (c) 2002-2017 Lattice Semiconductor Corporation,  All rights reserved.
   Process the file: Prac_1_impl1.ngd
   Picdevice="LCMXO2-7000HE"

   Pictype="TQFP144"

   Picspeed=5

   Remove unused logic

   Do not produce over sized NCDs.

Part used: LCMXO2-7000HETQFP144, Performance used: 5.

Loading device for application map from file 'xo2c7000.nph' in environment: C:/lscc/diamond/3.9/ispfpga.
Package Status:                     Final          Version 1.39.

Running general design DRC...

Removing unused logic...

Optimizing...

    <postMsg mid="52101259" type="Warning" dynamic="1" navigation="0" arg0="Display_6__I_0_i1"  />
    <postMsg mid="52101259" type="Warning" dynamic="1" navigation="0" arg0="Display_6__I_0_i3_set"  />
    <postMsg mid="52101259" type="Warning" dynamic="1" navigation="0" arg0="Display_6__I_0_i2_set"  />



Design Summary:
   Number of registers:      5 out of  7209 (0%)
      PFU registers:            5 out of  6864 (0%)
      PIO registers:            0 out of   345 (0%)
   Number of SLICEs:        12 out of  3432 (0%)
      SLICEs as Logic/ROM:     12 out of  3432 (0%)
      SLICEs as RAM:            0 out of  2574 (0%)
      SLICEs as Carry:          0 out of  3432 (0%)
   Number of LUT4s:         23 out of  6864 (0%)
      Number used as logic LUTs:         23
      Number used as distributed RAM:     0
      Number used as ripple logic:        0
      Number used as shift registers:     0
   Number of PIO sites used: 33 + 4(JTAG) out of 115 (32%)
   Number of block RAMs:  0 out of 26 (0%)
   Number of GSRs:  1 out of 1 (100%)
   EFB used :       No
   JTAG used :      No
   Readback used :  No
   Oscillator used :  No
   Startup used :   No
   POR :            On
   Bandgap :        On
   Number of Power Controller:  0 out of 1 (0%)
   Number of Dynamic Bank Controller (BCINRD):  0 out of 6 (0%)
   Number of Dynamic Bank Controller (BCLVDSO):  0 out of 1 (0%)
   Number of DCCA:  0 out of 8 (0%)
   Number of DCMA:  0 out of 2 (0%)
   Number of PLLs:  0 out of 2 (0%)
   Number of DQSDLLs:  0 out of 2 (0%)
   Number of CLKDIVC:  0 out of 4 (0%)
   Number of ECLKSYNCA:  0 out of 4 (0%)
   Number of ECLKBRIDGECS:  0 out of 2 (0%)
   Notes:-
      1. Total number of LUT4s = (Number of logic LUT4s) + 2*(Number of distributed RAMs) + 2*(Number of ripple logic)
      2. Number of logic LUT4s does not include count of distributed RAM and ripple logic.
   Number of clocks:  2
     Net MA_N_6: 1 loads, 1 rising, 0 falling (Driver: Z_1__bdd_3_lut_4_lut )
     Net Display_6__N_17: 1 loads, 1 rising, 0 falling (Driver: MA_N_6_bdd_2_lut )
   Number of Clock Enables:  0
   Number of LSRs:  4
     Net MA_N_6: 1 loads, 1 LSLICEs
     Net Display_6__N_21: 1 loads, 1 LSLICEs
     Net Display_6__N_2: 1 loads, 1 LSLICEs
     Net Display_6__N_17: 1 loads, 1 LSLICEs
   Number of nets driven by tri-state buffers:  0
   Top 10 highest fanout non-clock nets:
     Net Sel_c_0: 8 loads
     Net Ref_c_0: 6 loads
     Net Ref_c_1: 6 loads
     Net Sel_c_1: 6 loads
     Net I_N_13: 4 loads
     Net Display2_c_3: 2 loads
     Net Display3_c_3: 2 loads
     Net Display_c: 2 loads
     Net n353: 2 loads
     Net Z_0: 2 loads
 

   Number of warnings:  3
   Number of errors:    0



Total CPU Time: 0 secs  
Total REAL Time: 0 secs  
Peak Memory Usage: 51 MB

Dumping design to file Prac_1_impl1_map.ncd.

ncd2vdb "Prac_1_impl1_map.ncd" ".vdbs/Prac_1_impl1_map.vdb"

Loading device for application ncd2vdb from file 'xo2c7000.nph' in environment: C:/lscc/diamond/3.9/ispfpga.

mpartrce -p "Prac_1_impl1.p2t" -f "Prac_1_impl1.p3t" -tf "Prac_1_impl1.pt" "Prac_1_impl1_map.ncd" "Prac_1_impl1.ncd"

---- MParTrce Tool ----
Removing old design directory at request of -rem command line option to this program.
Running par. Please wait . . .

Lattice Place and Route Report for Design "Prac_1_impl1_map.ncd"
Wed Sep 13 09:16:39 2017

PAR: Place And Route Diamond Version 3.9.0.99.2.
Command Line: par -w -l 5 -i 6 -t 1 -c 0 -e 0 -gui -msgset "C:/Users/JCVELMON/Desktop/Semestre Actual/DSD/practica_1_v2/promote.xml" -exp parUseNBR=1:parCDP=0:parCDR=0:parPathBased=OFF Prac_1_impl1_map.ncd Prac_1_impl1.dir/5_1.ncd Prac_1_impl1.prf
Preference file: Prac_1_impl1.prf.
Placement level-cost: 5-1.
Routing Iterations: 6

Loading design for application par from file Prac_1_impl1_map.ncd.
Design name: E_Prac1_1
NCD version: 3.3
Vendor:      LATTICE
Device:      LCMXO2-7000HE
Package:     TQFP144
Performance: 5
Loading device for application par from file 'xo2c7000.nph' in environment: C:/lscc/diamond/3.9/ispfpga.
Package Status:                     Final          Version 1.39.
Performance Hardware Data Status:   Final          Version 34.4.
License checked out.


Ignore Preference Error(s):  True
Device utilization summary:

   PIO (prelim)   33+4(JTAG)/336     11% used
                  33+4(JTAG)/115     32% bonded

   SLICE             12/3432         <1% used

   GSR                1/1           100% used


Number of Signals: 38
Number of Connections: 78

Pin Constraint Summary:
   33 out of 33 pins locked (100% locked).

No signal is selected as primary clock.


No signal is selected as secondary clock.

Signal Display_6__N_11 is selected as Global Set/Reset.
Starting Placer Phase 0.

Finished Placer Phase 0.  REAL time: 0 secs 

Starting Placer Phase 1.
...................
Placer score = 17954.
Finished Placer Phase 1.  REAL time: 2 secs 

Starting Placer Phase 2.
.
Placer score =  17932
Finished Placer Phase 2.  REAL time: 2 secs 


------------------ Clock Report ------------------

Global Clock Resources:
  CLK_PIN    : 0 out of 8 (0%)
  PLL        : 0 out of 2 (0%)
  DCM        : 0 out of 2 (0%)
  DCC        : 0 out of 8 (0%)

Quadrants All (TL, TR, BL, BR) - Global Clocks:

  PRIMARY  : 0 out of 8 (0%)
  SECONDARY: 0 out of 8 (0%)

Edge Clocks:
  No edge clock selected.

--------------- End of Clock Report ---------------


I/O Usage Summary (final):
   33 + 4(JTAG) out of 336 (11.0%) PIO sites used.
   33 + 4(JTAG) out of 115 (32.2%) bonded PIO sites used.
   Number of PIO comps: 33; differential: 0.
   Number of Vref pins used: 0.

I/O Bank Usage Summary:
+----------+---------------+------------+-----------+
| I/O Bank | Usage         | Bank Vccio | Bank Vref |
+----------+---------------+------------+-----------+
| 0        | 9 / 28 ( 32%) | 2.5V       | -         |
| 1        | 0 / 29 (  0%) | -          | -         |
| 2        | 8 / 29 ( 27%) | 2.5V       | -         |
| 3        | 5 / 9 ( 55%)  | 2.5V       | -         |
| 4        | 4 / 10 ( 40%) | 2.5V       | -         |
| 5        | 7 / 10 ( 70%) | 2.5V       | -         |
+----------+---------------+------------+-----------+

Total placer CPU time: 2 secs 

Dumping design to file Prac_1_impl1.dir/5_1.ncd.


-----------------------------------------------------------------
INFO - par: ASE feature is off due to non timing-driven settings.  
-----------------------------------------------------------------

0 connections routed; 78 unrouted.
Starting router resource preassignment

    <postMsg mid="66011008" type="Warning" dynamic="1" navigation="0" arg0="&#xA;   Signal=MA_N_6 loads=6 clock_loads=1&#xA;   Signal=Display_6__N_17 loads=2 clock_loads=1"  />

Completed router resource preassignment. Real time: 4 secs 

Start NBR router at 09:16:43 09/13/17

*****************************************************************
Info: NBR allows conflicts(one node used by more than one signal)
      in the earlier iterations. In each iteration, it tries to  
      solve the conflicts while keeping the critical connections 
      routed as short as possible. The routing process is said to
      be completed when no conflicts exist and all connections   
      are routed.                                                
Note: NBR uses a different method to calculate timing slacks. The
      worst slack and total negative slack may not be the same as
      that in TRCE report. You should always run TRCE to verify  
      your design.                                               
*****************************************************************

Start NBR special constraint process at 09:16:43 09/13/17

Start NBR section for initial routing at 09:16:43 09/13/17
Level 4, iteration 1
1(0.00%) conflict; 0(0.00%) untouched conn; 0 (nbr) score; real time: 4 secs 

Info: Initial congestion level at 75% usage is 0
Info: Initial congestion area  at 75% usage is 0 (0.00%)

Start NBR section for normal routing at 09:16:43 09/13/17
Level 4, iteration 1
0(0.00%) conflict; 0(0.00%) untouched conn; 0 (nbr) score; real time: 4 secs 

Start NBR section for re-routing at 09:16:43 09/13/17
Level 4, iteration 1
0(0.00%) conflict; 0(0.00%) untouched conn; 0 (nbr) score; real time: 4 secs 

Start NBR section for post-routing at 09:16:43 09/13/17

End NBR router with 0 unrouted connection

NBR Summary
-----------
  Number of unrouted connections : 0 (0.00%)
  Number of connections with timing violations : 0 (0.00%)
  Estimated worst slack<setup> : <n/a>
  Timing score<setup> : 0
-----------
Notes: The timing info is calculated for SETUP only and all PAR_ADJs are ignored.



    <postMsg mid="66011008" type="Warning" dynamic="1" navigation="0" arg0="&#xA;   Signal=MA_N_6 loads=6 clock_loads=1&#xA;   Signal=Display_6__N_17 loads=2 clock_loads=1"  />

Total CPU time 4 secs 
Total REAL time: 4 secs 
Completely routed.
End of route.  78 routed (100.00%); 0 unrouted.

Hold time timing score: 0, hold timing errors: 0

Timing score: 0 

Dumping design to file Prac_1_impl1.dir/5_1.ncd.


PAR_SUMMARY::Run status = completed
PAR_SUMMARY::Number of unrouted conns = 0
PAR_SUMMARY::Worst  slack<setup/<ns>> = <n/a>
PAR_SUMMARY::Timing score<setup/<ns>> = <n/a>
PAR_SUMMARY::Worst  slack<hold /<ns>> = <n/a>
PAR_SUMMARY::Timing score<hold /<ns>> = <n/a>
PAR_SUMMARY::Number of errors = 0

Total CPU  time to completion: 4 secs 
Total REAL time to completion: 4 secs 

par done!

Copyright (c) 1991-1994 by NeoCAD Inc. All rights reserved.
Copyright (c) 1995 AT&T Corp.   All rights reserved.
Copyright (c) 1995-2001 Lucent Technologies Inc.  All rights reserved.
Copyright (c) 2001 Agere Systems   All rights reserved.
Copyright (c) 2002-2017 Lattice Semiconductor Corporation,  All rights reserved.
Exiting par with exit code 0
Exiting mpartrce with exit code 0

bitgen -f "Prac_1_impl1.t2b" -w "Prac_1_impl1.ncd" -jedec "Prac_1_impl1.prf"


BITGEN: Bitstream Generator Diamond Version 3.9.0.99.2
Copyright (c) 1991-1994 by NeoCAD Inc. All rights reserved.
Copyright (c) 1995 AT&T Corp.   All rights reserved.
Copyright (c) 1995-2001 Lucent Technologies Inc.  All rights reserved.
Copyright (c) 2001 Agere Systems   All rights reserved.
Copyright (c) 2002-2017 Lattice Semiconductor Corporation,  All rights reserved.


Loading design for application Bitgen from file Prac_1_impl1.ncd.
Design name: E_Prac1_1
NCD version: 3.3
Vendor:      LATTICE
Device:      LCMXO2-7000HE
Package:     TQFP144
Performance: 5
Loading device for application Bitgen from file 'xo2c7000.nph' in environment: C:/lscc/diamond/3.9/ispfpga.
Package Status:                     Final          Version 1.39.
Performance Hardware Data Status:   Final          Version 34.4.

Running DRC.
DRC detected 0 errors and 0 warnings.
Reading Preference File from Prac_1_impl1.prf.

Preference Summary:
+---------------------------------+---------------------------------+
|  Preference                     |  Current Setting                |
+---------------------------------+---------------------------------+
|                         RamCfg  |                        Reset**  |
+---------------------------------+---------------------------------+
|                     MCCLK_FREQ  |                         2.08**  |
+---------------------------------+---------------------------------+
|                  CONFIG_SECURE  |                          OFF**  |
+---------------------------------+---------------------------------+
|                          INBUF  |                           ON**  |
+---------------------------------+---------------------------------+
|                      JTAG_PORT  |                       ENABLE**  |
+---------------------------------+---------------------------------+
|                       SDM_PORT  |                      DISABLE**  |
+---------------------------------+---------------------------------+
|                 SLAVE_SPI_PORT  |                      DISABLE**  |
+---------------------------------+---------------------------------+
|                MASTER_SPI_PORT  |                      DISABLE**  |
+---------------------------------+---------------------------------+
|                       I2C_PORT  |                      DISABLE**  |
+---------------------------------+---------------------------------+
|        MUX_CONFIGURATION_PORTS  |                      DISABLE**  |
+---------------------------------+---------------------------------+
|                  CONFIGURATION  |                          CFG**  |
+---------------------------------+---------------------------------+
|                COMPRESS_CONFIG  |                           ON**  |
+---------------------------------+---------------------------------+
|                        MY_ASSP  |                          OFF**  |
+---------------------------------+---------------------------------+
|               ONE_TIME_PROGRAM  |                          OFF**  |
+---------------------------------+---------------------------------+
|                 ENABLE_TRANSFR  |                      DISABLE**  |
+---------------------------------+---------------------------------+
|                  SHAREDEBRINIT  |                      DISABLE**  |
+---------------------------------+---------------------------------+
|            BACKGROUND_RECONFIG  |                          OFF**  |
+---------------------------------+---------------------------------+
 *  Default setting.
 ** The specified setting matches the default setting.


Creating bit map...
 
Bitstream Status: Final           Version 1.94.
 
Saving bit stream in "Prac_1_impl1.jed".
 
===========
UFM Summary.
===========
UFM Size:        2046 Pages (128*2046 Bits).
UFM Utilization: General Purpose Flash Memory.
 
Available General Purpose Flash Memory: 2046 Pages (Page 0 to Page 2045).
Initialized UFM Pages:                     0 Page.
 
