Running in Lattice mode


Starting:    C:\ispLEVER_Classic2_0\synpbase\win64\mbin\synbatch.exe
Install:     C:\ispLEVER_Classic2_0\synpbase
Date:        Sun May 28 05:15:29 2017
Version:     I-2014.03LC 

Arguments:   -product synplify_pro  -batch c:/users/richie/desktop/4 semestre/dsd/detector de secuencia\secuencia.prj
ProductType: synplify_pro





log file: "C:\users\richie\desktop\4 semestre\dsd\detector de secuencia\secuencia.srr"

Generating HDL info...
hdl_info_gen Completed
Return Code: 0
Run Time:0h:00m:00s
log file: "C:\users\richie\desktop\4 semestre\dsd\detector de secuencia\secuencia.srr"

Running secuencia|detector de secuencia

Running: Compile on secuencia|detector de secuencia

Running: Compile Process on secuencia|detector de secuencia

Running: Compile Input on secuencia|detector de secuencia
Copied C:\users\richie\desktop\4 semestre\dsd\detector de secuencia\synwork\secuencia_comp.srs to C:\users\richie\desktop\4 semestre\dsd\detector de secuencia\secuencia.srs
compiler Completed
Return Code: 0
Run Time:0h:00m:02s

Running: Multi-srs Generator on secuencia|detector de secuencia
Copied C:\users\richie\desktop\4 semestre\dsd\detector de secuencia\synwork\secuencia_comp.srs to C:\users\richie\desktop\4 semestre\dsd\detector de secuencia\synwork\secuencia_s.srs
multi_srs_gen Completed
Return Code: 0
Run Time:0h:00m:00s
Copied C:\users\richie\desktop\4 semestre\dsd\detector de secuencia\synwork\secuencia_mult.srs to C:\users\richie\desktop\4 semestre\dsd\detector de secuencia\secuencia.srs
Copied C:\users\richie\desktop\4 semestre\dsd\detector de secuencia\secuencia.srr to C:\users\richie\desktop\4 semestre\dsd\detector de secuencia\secuencia.srf
Complete: Compile Process on secuencia|detector de secuencia
Complete: Compile on secuencia|detector de secuencia

Running: Map on secuencia|detector de secuencia

Running: Map & Optimize on secuencia|detector de secuencia
fpga_mapper Completed
Return Code: 0
Run Time:0h:00m:00s
Complete: Map on secuencia|detector de secuencia
Complete: Logic Synthesis on secuencia|detector de secuencia

exit status=0

exit status=0

