
edif2ngd  -l "MachXO2" -d LCMXO2-7000HE -path "C:/Users/JCVELMON/Desktop/SerialAdder/SerialAdder" -path "C:/Users/JCVELMON/Desktop/SerialAdder"   "C:/Users/JCVELMON/Desktop/SerialAdder/SerialAdder/SerialAdder_SerialAdder.edi" "SerialAdder_SerialAdder.ngo"   
edif2ngd:  version Diamond Version 3.9.1.119

Copyright (c) 1991-1994 by NeoCAD Inc. All rights reserved.
Copyright (c) 1995 AT&T Corp.   All rights reserved.
Copyright (c) 1995-2001 Lucent Technologies Inc.  All rights reserved.
Copyright (c) 2001 Agere Systems   All rights reserved.
Copyright (c) 2002-2017 Lattice Semiconductor Corporation,  All rights reserved.
Writing the design to SerialAdder_SerialAdder.ngo...

Total CPU Time: 0 secs  

Total REAL Time: 0 secs  


ngdbuild  -a "MachXO2" -d LCMXO2-7000HE  -p "C:/lscc/diamond/3.9/ispfpga/xo2c00/data"  -p "C:/Users/JCVELMON/Desktop/SerialAdder/SerialAdder" -p "C:/Users/JCVELMON/Desktop/SerialAdder"  "SerialAdder_SerialAdder.ngo" "SerialAdder_SerialAdder.ngd"  	
ngdbuild:  version Diamond Version 3.9.1.119

Copyright (c) 1991-1994 by NeoCAD Inc. All rights reserved.
Copyright (c) 1995 AT&T Corp.   All rights reserved.
Copyright (c) 1995-2001 Lucent Technologies Inc.  All rights reserved.
Copyright (c) 2001 Agere Systems   All rights reserved.
Copyright (c) 2002-2017 Lattice Semiconductor Corporation,  All rights reserved.
Reading 'SerialAdder_SerialAdder.ngo' ...
Loading NGL library 'C:/lscc/diamond/3.9/ispfpga/xo2c00a/data/xo2alib.ngl'...
Loading NGL library 'C:/lscc/diamond/3.9/ispfpga/xo2c00/data/xo2clib.ngl'...
Loading NGL library 'C:/lscc/diamond/3.9/ispfpga/mg5g00/data/mg5glib.ngl'...
Loading NGL library 'C:/lscc/diamond/3.9/ispfpga/or5g00/data/orc5glib.ngl'...


Running DRC...

    <postMsg mid="1166052" type="Warning" dynamic="2" navigation="1" arg0="logical" arg1="OS00/OS01/un1_sdiv_1_cry_19_0_COUT" arg2="OS00/OS01/un1_sdiv_1_cry_19_0_COUT"  />
    <postMsg mid="1166052" type="Warning" dynamic="2" navigation="1" arg0="logical" arg1="OS00/OS01/un1_sdiv_1_cry_0_0_S0" arg2="OS00/OS01/un1_sdiv_1_cry_0_0_S0"  />
    <postMsg mid="1166052" type="Warning" dynamic="2" navigation="1" arg0="logical" arg1="OS00/OS00/OSCInst0_SEDSTDBY" arg2="OS00/OS00/OSCInst0_SEDSTDBY"  />
    <postMsg mid="1163101" type="Warning" dynamic="1" navigation="0" arg0="3"  />

Design Results:
    156 blocks expanded
Complete the first expansion.
Writing 'SerialAdder_SerialAdder.ngd' ...
Total CPU Time: 0 secs  

Total REAL Time: 0 secs  


map -a "MachXO2" -p LCMXO2-7000HE -t TQFP144 -s 4 -oc Commercial   "SerialAdder_SerialAdder.ngd" -o "SerialAdder_SerialAdder_map.ncd" -pr "SerialAdder_SerialAdder.prf" -mp "SerialAdder_SerialAdder.mrp" -lpf "C:/Users/JCVELMON/Desktop/SerialAdder/SerialAdder/SerialAdder_SerialAdder_synplify.lpf" -lpf "C:/Users/JCVELMON/Desktop/SerialAdder/SerialAdder.lpf" -c 0            
map:  version Diamond Version 3.9.1.119

Copyright (c) 1991-1994 by NeoCAD Inc. All rights reserved.
Copyright (c) 1995 AT&T Corp.   All rights reserved.
Copyright (c) 1995-2001 Lucent Technologies Inc.  All rights reserved.
Copyright (c) 2001 Agere Systems   All rights reserved.
Copyright (c) 2002-2017 Lattice Semiconductor Corporation,  All rights reserved.
   Process the file: SerialAdder_SerialAdder.ngd
   Picdevice="LCMXO2-7000HE"

   Pictype="TQFP144"

   Picspeed=4

   Remove unused logic

   Do not produce over sized NCDs.

Part used: LCMXO2-7000HETQFP144, Performance used: 4.

Loading device for application map from file 'xo2c7000.nph' in environment: C:/lscc/diamond/3.9/ispfpga.
Package Status:                     Final          Version 1.39.

Running general design DRC...

Removing unused logic...

Optimizing...

    <postMsg mid="51001030" type="Warning" dynamic="1" navigation="0" arg0="CLR_c"  />



Design Summary:
   Number of registers:     35 out of  7209 (0%)
      PFU registers:           35 out of  6864 (1%)
      PIO registers:            0 out of   345 (0%)
   Number of SLICEs:        35 out of  3432 (1%)
      SLICEs as Logic/ROM:     35 out of  3432 (1%)
      SLICEs as RAM:            0 out of  2574 (0%)
      SLICEs as Carry:         11 out of  3432 (0%)
   Number of LUT4s:         70 out of  6864 (1%)
      Number used as logic LUTs:         48
      Number used as distributed RAM:     0
      Number used as ripple logic:       22
      Number used as shift registers:     0
   Number of PIO sites used: 46 + 4(JTAG) out of 115 (43%)
   Number of block RAMs:  0 out of 26 (0%)
   Number of GSRs:  1 out of 1 (100%)
   EFB used :       No
   JTAG used :      No
   Readback used :  No
   Oscillator used :  Yes
   Startup used :   No
   POR :            On
   Bandgap :        On
   Number of Power Controller:  0 out of 1 (0%)
   Number of Dynamic Bank Controller (BCINRD):  0 out of 6 (0%)
   Number of Dynamic Bank Controller (BCLVDSO):  0 out of 1 (0%)
   Number of DCCA:  0 out of 8 (0%)
   Number of DCMA:  0 out of 2 (0%)
   Number of PLLs:  0 out of 2 (0%)
   Number of DQSDLLs:  0 out of 2 (0%)
   Number of CLKDIVC:  0 out of 4 (0%)
   Number of ECLKSYNCA:  0 out of 4 (0%)
   Number of ECLKBRIDGECS:  0 out of 2 (0%)
   Notes:-
      1. Total number of LUT4s = (Number of logic LUT4s) + 2*(Number of distributed RAMs) + 2*(Number of ripple logic)
      2. Number of logic LUT4s does not include count of distributed RAM and ripple logic.
   Number of clocks:  1
     Net oscraw0_c: 20 loads, 0 rising, 20 falling (Driver: OS00/OS00/OSCInst0 )
   Number of Clock Enables:  3
     Net SREG/Q_cnv[0]: 3 loads, 3 LSLICEs
     Net FF_D/Q_RNO: 1 loads, 1 LSLICEs
     Net Q_cnv_0[0]: 4 loads, 4 LSLICEs
   Number of local set/reset loads for net CLR_c merged into GSR:  8
   Number of LSRs:  2
     Net ADD_CLR_CONDITION_i: 3 loads, 3 LSLICEs
     Net OS00/OS01/sdiv_RNIHH5O5[20]: 11 loads, 11 LSLICEs
   Number of nets driven by tri-state buffers:  0
   Top 10 highest fanout non-clock nets:
     Net CRTL_c[0]: 17 loads
     Net CRTL_c[1]: 11 loads
     Net OS00/OS01/sdiv_RNIHH5O5[20]: 11 loads
     Net SQ_c[1]: 9 loads
     Net SQ_c[2]: 9 loads
     Net SQ_c[3]: 9 loads
     Net indiv0_c[1]: 8 loads
     Net SQ_c[0]: 8 loads
     Net indiv0_c[2]: 6 loads
     Net indiv0_c[0]: 5 loads
    <postMsg mid="51001104" type="Warning" dynamic="1" navigation="0" arg0="115"  />
    <postMsg mid="51001104" type="Warning" dynamic="1" navigation="0" arg0="35"  />
    <postMsg mid="1103737" type="Warning" dynamic="3" navigation="0" arg0="" arg1="LOCATE COMP &quot;S&quot; SITE &quot;115&quot; ;&#xA;" arg2="LOCATE COMP &quot;AQ[3]&quot; SITE &quot;115&quot; ;&#xA;"  />
    <postMsg mid="1103737" type="Warning" dynamic="3" navigation="0" arg0="" arg1="LOCATE COMP &quot;Cf_LED&quot; SITE &quot;35&quot; ;&#xA;" arg2="LOCATE COMP &quot;oscdiv0&quot; SITE &quot;35&quot; ;&#xA;"  />
 

   Number of warnings:  5
   Number of errors:    0



Total CPU Time: 0 secs  
Total REAL Time: 3 secs  
Peak Memory Usage: 51 MB

Dumping design to file SerialAdder_SerialAdder_map.ncd.

mpartrce -p "SerialAdder_SerialAdder.p2t" -f "SerialAdder_SerialAdder.p3t" -tf "SerialAdder_SerialAdder.pt" "SerialAdder_SerialAdder_map.ncd" "SerialAdder_SerialAdder.ncd"

---- MParTrce Tool ----
Removing old design directory at request of -rem command line option to this program.
Running par. Please wait . . .

Lattice Place and Route Report for Design "SerialAdder_SerialAdder_map.ncd"
Fri Dec 08 20:33:30 2017

PAR: Place And Route Diamond Version 3.9.1.119.
Command Line: par -w -l 5 -i 6 -t 1 -c 0 -e 0 -gui -msgset C:/Users/JCVELMON/Desktop/SerialAdder/promote.xml -exp parUseNBR=1:parCDP=0:parCDR=0:parPathBased=OFF SerialAdder_SerialAdder_map.ncd SerialAdder_SerialAdder.dir/5_1.ncd SerialAdder_SerialAdder.prf
Preference file: SerialAdder_SerialAdder.prf.
Placement level-cost: 5-1.
Routing Iterations: 6

Loading design for application par from file SerialAdder_SerialAdder_map.ncd.
Design name: topAdder
NCD version: 3.3
Vendor:      LATTICE
Device:      LCMXO2-7000HE
Package:     TQFP144
Performance: 4
Loading device for application par from file 'xo2c7000.nph' in environment: C:/lscc/diamond/3.9/ispfpga.
Package Status:                     Final          Version 1.39.
Performance Hardware Data Status:   Final          Version 34.4.
License checked out.


Ignore Preference Error(s):  True
Device utilization summary:

   PIO (prelim)   46+4(JTAG)/336     15% used
                  46+4(JTAG)/115     43% bonded

   SLICE             35/3432          1% used

   GSR                1/1           100% used
   OSC                1/1           100% used


Number of Signals: 133
Number of Connections: 303

Pin Constraint Summary:
   44 out of 46 pins locked (95% locked).

The following 1 signal is selected to use the primary clock routing resources:
    oscraw0_c (driver: OS00/OS00/OSCInst0, clk load #: 20)


The following 1 signal is selected to use the secondary clock routing resources:
    OS00/OS01/sdiv_RNIHH5O5[20] (driver: OS00/OS01/SLICE_21, clk load #: 0, sr load #: 11, ce load #: 0)

Signal CLR_c is selected as Global Set/Reset.
.
Starting Placer Phase 0.
..........
Finished Placer Phase 0.  REAL time: 3 secs 

Starting Placer Phase 1.
...................
Placer score = 56246.
Finished Placer Phase 1.  REAL time: 10 secs 

Starting Placer Phase 2.
.
Placer score =  56216
Finished Placer Phase 2.  REAL time: 10 secs 


------------------ Clock Report ------------------

Global Clock Resources:
  CLK_PIN    : 0 out of 8 (0%)
  PLL        : 0 out of 2 (0%)
  DCM        : 0 out of 2 (0%)
  DCC        : 0 out of 8 (0%)

Quadrants All (TL, TR, BL, BR) - Global Clocks:
  PRIMARY "oscraw0_c" from OSC on comp "OS00/OS00/OSCInst0" on site "OSC", clk load = 20
  SECONDARY "OS00/OS01/sdiv_RNIHH5O5[20]" from F1 on comp "OS00/OS01/SLICE_21" on site "R21C20A", clk load = 0, ce load = 0, sr load = 11

  PRIMARY  : 1 out of 8 (12%)
  SECONDARY: 1 out of 8 (12%)

Edge Clocks:
  No edge clock selected.

--------------- End of Clock Report ---------------


I/O Usage Summary (final):
   46 + 4(JTAG) out of 336 (14.9%) PIO sites used.
   46 + 4(JTAG) out of 115 (43.5%) bonded PIO sites used.
   Number of PIO comps: 46; differential: 0.
   Number of Vref pins used: 0.

I/O Bank Usage Summary:
+----------+----------------+------------+-----------+
| I/O Bank | Usage          | Bank Vccio | Bank Vref |
+----------+----------------+------------+-----------+
| 0        | 17 / 28 ( 60%) | 2.5V       | -         |
| 1        | 4 / 29 ( 13%)  | 2.5V       | -         |
| 2        | 17 / 29 ( 58%) | 2.5V       | -         |
| 3        | 4 / 9 ( 44%)   | 2.5V       | -         |
| 4        | 2 / 10 ( 20%)  | 2.5V       | -         |
| 5        | 2 / 10 ( 20%)  | 2.5V       | -         |
+----------+----------------+------------+-----------+

Total placer CPU time: 8 secs 

Dumping design to file SerialAdder_SerialAdder.dir/5_1.ncd.

0 connections routed; 303 unrouted.
Starting router resource preassignment

Completed router resource preassignment. Real time: 13 secs 

Start NBR router at 20:33:43 12/08/17

*****************************************************************
Info: NBR allows conflicts(one node used by more than one signal)
      in the earlier iterations. In each iteration, it tries to  
      solve the conflicts while keeping the critical connections 
      routed as short as possible. The routing process is said to
      be completed when no conflicts exist and all connections   
      are routed.                                                
Note: NBR uses a different method to calculate timing slacks. The
      worst slack and total negative slack may not be the same as
      that in TRCE report. You should always run TRCE to verify  
      your design.                                               
*****************************************************************

Start NBR special constraint process at 20:33:43 12/08/17

Start NBR section for initial routing at 20:33:43 12/08/17
Level 4, iteration 1
2(0.00%) conflicts; 0(0.00%) untouched conn; 0 (nbr) score; 
Estimated worst slack/total negative slack<setup>: 468.267ns/0.000ns; real time: 13 secs 

Info: Initial congestion level at 75% usage is 0
Info: Initial congestion area  at 75% usage is 0 (0.00%)

Start NBR section for normal routing at 20:33:43 12/08/17
Level 4, iteration 1
1(0.00%) conflict; 0(0.00%) untouched conn; 0 (nbr) score; 
Estimated worst slack/total negative slack<setup>: 468.267ns/0.000ns; real time: 13 secs 
Level 4, iteration 2
1(0.00%) conflict; 0(0.00%) untouched conn; 0 (nbr) score; 
Estimated worst slack/total negative slack<setup>: 468.267ns/0.000ns; real time: 13 secs 
Level 4, iteration 3
0(0.00%) conflict; 0(0.00%) untouched conn; 0 (nbr) score; 
Estimated worst slack/total negative slack<setup>: 468.267ns/0.000ns; real time: 13 secs 

Start NBR section for setup/hold timing optimization with effort level 3 at 20:33:43 12/08/17

Start NBR section for re-routing at 20:33:43 12/08/17
Level 4, iteration 1
0(0.00%) conflict; 0(0.00%) untouched conn; 0 (nbr) score; 
Estimated worst slack/total negative slack<setup>: 468.267ns/0.000ns; real time: 13 secs 

Start NBR section for post-routing at 20:33:43 12/08/17

End NBR router with 0 unrouted connection

NBR Summary
-----------
  Number of unrouted connections : 0 (0.00%)
  Number of connections with timing violations : 0 (0.00%)
  Estimated worst slack<setup> : 468.267ns
  Timing score<setup> : 0
-----------
Notes: The timing info is calculated for SETUP only and all PAR_ADJs are ignored.



Total CPU time 11 secs 
Total REAL time: 14 secs 
Completely routed.
End of route.  303 routed (100.00%); 0 unrouted.

Hold time timing score: 0, hold timing errors: 0

Timing score: 0 

Dumping design to file SerialAdder_SerialAdder.dir/5_1.ncd.


PAR_SUMMARY::Run status = completed
PAR_SUMMARY::Number of unrouted conns = 0
PAR_SUMMARY::Worst  slack<setup/<ns>> = 468.267
PAR_SUMMARY::Timing score<setup/<ns>> = 0.000
PAR_SUMMARY::Worst  slack<hold /<ns>> = 0.307
PAR_SUMMARY::Timing score<hold /<ns>> = 0.000
PAR_SUMMARY::Number of errors = 0

Total CPU  time to completion: 11 secs 
Total REAL time to completion: 14 secs 

par done!

Copyright (c) 1991-1994 by NeoCAD Inc. All rights reserved.
Copyright (c) 1995 AT&T Corp.   All rights reserved.
Copyright (c) 1995-2001 Lucent Technologies Inc.  All rights reserved.
Copyright (c) 2001 Agere Systems   All rights reserved.
Copyright (c) 2002-2017 Lattice Semiconductor Corporation,  All rights reserved.
Exiting par with exit code 0
Exiting mpartrce with exit code 0

bitgen -f "SerialAdder_SerialAdder.t2b" -w "SerialAdder_SerialAdder.ncd" -jedec "SerialAdder_SerialAdder.prf"


BITGEN: Bitstream Generator Diamond Version 3.9.1.119
Copyright (c) 1991-1994 by NeoCAD Inc. All rights reserved.
Copyright (c) 1995 AT&T Corp.   All rights reserved.
Copyright (c) 1995-2001 Lucent Technologies Inc.  All rights reserved.
Copyright (c) 2001 Agere Systems   All rights reserved.
Copyright (c) 2002-2017 Lattice Semiconductor Corporation,  All rights reserved.


Loading design for application Bitgen from file SerialAdder_SerialAdder.ncd.
Design name: topAdder
NCD version: 3.3
Vendor:      LATTICE
Device:      LCMXO2-7000HE
Package:     TQFP144
Performance: 4
Loading device for application Bitgen from file 'xo2c7000.nph' in environment: C:/lscc/diamond/3.9/ispfpga.
Package Status:                     Final          Version 1.39.
Performance Hardware Data Status:   Final          Version 34.4.

Running DRC.
DRC detected 0 errors and 0 warnings.
Reading Preference File from SerialAdder_SerialAdder.prf.

Preference Summary:
+---------------------------------+---------------------------------+
|  Preference                     |  Current Setting                |
+---------------------------------+---------------------------------+
|                         RamCfg  |                        Reset**  |
+---------------------------------+---------------------------------+
|                     MCCLK_FREQ  |                         2.08**  |
+---------------------------------+---------------------------------+
|                  CONFIG_SECURE  |                          OFF**  |
+---------------------------------+---------------------------------+
|                          INBUF  |                           ON**  |
+---------------------------------+---------------------------------+
|                      JTAG_PORT  |                       ENABLE**  |
+---------------------------------+---------------------------------+
|                       SDM_PORT  |                      DISABLE**  |
+---------------------------------+---------------------------------+
|                 SLAVE_SPI_PORT  |                      DISABLE**  |
+---------------------------------+---------------------------------+
|                MASTER_SPI_PORT  |                      DISABLE**  |
+---------------------------------+---------------------------------+
|                       I2C_PORT  |                      DISABLE**  |
+---------------------------------+---------------------------------+
|        MUX_CONFIGURATION_PORTS  |                      DISABLE**  |
+---------------------------------+---------------------------------+
|                  CONFIGURATION  |                          CFG**  |
+---------------------------------+---------------------------------+
|                COMPRESS_CONFIG  |                           ON**  |
+---------------------------------+---------------------------------+
|                        MY_ASSP  |                          OFF**  |
+---------------------------------+---------------------------------+
|               ONE_TIME_PROGRAM  |                          OFF**  |
+---------------------------------+---------------------------------+
|                 ENABLE_TRANSFR  |                      DISABLE**  |
+---------------------------------+---------------------------------+
|                  SHAREDEBRINIT  |                      DISABLE**  |
+---------------------------------+---------------------------------+
|            BACKGROUND_RECONFIG  |                          OFF**  |
+---------------------------------+---------------------------------+
 *  Default setting.
 ** The specified setting matches the default setting.


Creating bit map...
 
Bitstream Status: Final           Version 1.94.
 
Saving bit stream in "SerialAdder_SerialAdder.jed".
 
===========
UFM Summary.
===========
UFM Size:        2046 Pages (128*2046 Bits).
UFM Utilization: General Purpose Flash Memory.
 
Available General Purpose Flash Memory: 2046 Pages (Page 0 to Page 2045).
Initialized UFM Pages:                     0 Page.
 
