
           Lattice Mapping Report File for Design Module 'topAdder'


Design Information
------------------

Command line:   map -a MachXO2 -p LCMXO2-7000HE -t TQFP144 -s 4 -oc Commercial
     SerialAdder_SerialAdder.ngd -o SerialAdder_SerialAdder_map.ncd -pr
     SerialAdder_SerialAdder.prf -mp SerialAdder_SerialAdder.mrp -lpf C:/Users/J
     CVELMON/Desktop/SerialAdder/SerialAdder/SerialAdder_SerialAdder_synplify.lp
     f -lpf C:/Users/JCVELMON/Desktop/SerialAdder/SerialAdder.lpf -c 0 -gui
     -msgset C:/Users/JCVELMON/Desktop/SerialAdder/promote.xml 
Target Vendor:  LATTICE
Target Device:  LCMXO2-7000HETQFP144
Target Performance:   4
Mapper:  xo2c00,  version:  Diamond Version 3.9.1.119
Mapped on:  12/08/17  20:33:27

Design Summary
--------------

   Number of registers:     35 out of  7209 (0%)
      PFU registers:           35 out of  6864 (1%)
      PIO registers:            0 out of   345 (0%)
   Number of SLICEs:        35 out of  3432 (1%)
      SLICEs as Logic/ROM:     35 out of  3432 (1%)
      SLICEs as RAM:            0 out of  2574 (0%)
      SLICEs as Carry:         11 out of  3432 (0%)
   Number of LUT4s:         70 out of  6864 (1%)
      Number used as logic LUTs:         48
      Number used as distributed RAM:     0
      Number used as ripple logic:       22
      Number used as shift registers:     0
   Number of PIO sites used: 46 + 4(JTAG) out of 115 (43%)
   Number of block RAMs:  0 out of 26 (0%)
   Number of GSRs:  1 out of 1 (100%)
   EFB used :       No
   JTAG used :      No
   Readback used :  No
   Oscillator used :  Yes
   Startup used :   No
   POR :            On
   Bandgap :        On
   Number of Power Controller:  0 out of 1 (0%)
   Number of Dynamic Bank Controller (BCINRD):  0 out of 6 (0%)
   Number of Dynamic Bank Controller (BCLVDSO):  0 out of 1 (0%)
   Number of DCCA:  0 out of 8 (0%)
   Number of DCMA:  0 out of 2 (0%)
   Number of PLLs:  0 out of 2 (0%)
   Number of DQSDLLs:  0 out of 2 (0%)
   Number of CLKDIVC:  0 out of 4 (0%)
   Number of ECLKSYNCA:  0 out of 4 (0%)
   Number of ECLKBRIDGECS:  0 out of 2 (0%)
   Notes:-
      1. Total number of LUT4s = (Number of logic LUT4s) + 2*(Number of
     distributed RAMs) + 2*(Number of ripple logic)
      2. Number of logic LUT4s does not include count of distributed RAM and
     ripple logic.
   Number of clocks:  1
     Net oscraw0_c: 20 loads, 0 rising, 20 falling (Driver: OS00/OS00/OSCInst0 )
     

                                    Page 1




Design:  topAdder                                      Date:  12/08/17  20:33:27

Design Summary (cont)
---------------------
   Number of Clock Enables:  3
     Net SREG/Q_cnv[0]: 3 loads, 3 LSLICEs
     Net FF_D/Q_RNO: 1 loads, 1 LSLICEs
     Net Q_cnv_0[0]: 4 loads, 4 LSLICEs
   Number of local set/reset loads for net CLR_c merged into GSR:  8
   Number of LSRs:  2
     Net ADD_CLR_CONDITION_i: 3 loads, 3 LSLICEs
     Net OS00/OS01/sdiv_RNIHH5O5[20]: 11 loads, 11 LSLICEs
   Number of nets driven by tri-state buffers:  0
   Top 10 highest fanout non-clock nets:
     Net CRTL_c[0]: 17 loads
     Net CRTL_c[1]: 11 loads
     Net OS00/OS01/sdiv_RNIHH5O5[20]: 11 loads
     Net SQ_c[1]: 9 loads
     Net SQ_c[2]: 9 loads
     Net SQ_c[3]: 9 loads
     Net indiv0_c[1]: 8 loads
     Net SQ_c[0]: 8 loads
     Net indiv0_c[2]: 6 loads
     Net indiv0_c[0]: 5 loads




   Number of warnings:  5
   Number of errors:    0
     

Design Errors/Warnings
----------------------

WARNING - map: Using local reset signal 'CLR_c' to infer global GSR net.
WARNING - map: Multiple comps assigned to site "115". Only one comp will be
     assigned to this location.
WARNING - map: Multiple comps assigned to site "35". Only one comp will be
     assigned to this location.
WARNING - map: Pref conflict: Multi-locate on site. Ignoring LOCATE COMP "S"
     SITE "115" ;
        Keeping LOCATE COMP "AQ[3]" SITE "115" ;
     .
WARNING - map: Pref conflict: Multi-locate on site. Ignoring LOCATE COMP
     "Cf_LED" SITE "35" ;
        Keeping LOCATE COMP "oscdiv0" SITE "35" ;
     .

IO (PIO) Attributes
-------------------

+---------------------+-----------+-----------+------------+
| IO Name             | Direction | Levelmode | IO         |
|                     |           |  IO_TYPE  | Register   |
+---------------------+-----------+-----------+------------+
| oscraw0             | OUTPUT    | LVCMOS25  |            |
+---------------------+-----------+-----------+------------+
| indiv0[0]           | INPUT     | LVCMOS25  |            |
+---------------------+-----------+-----------+------------+

                                    Page 2




Design:  topAdder                                      Date:  12/08/17  20:33:27

IO (PIO) Attributes (cont)
--------------------------
| CRTL_S              | INPUT     | LVCMOS25  |            |
+---------------------+-----------+-----------+------------+
| ADD_CLR             | INPUT     | LVCMOS25  |            |
+---------------------+-----------+-----------+------------+
| CD[3]               | OUTPUT    | LVCMOS25  |            |
+---------------------+-----------+-----------+------------+
| CD[2]               | OUTPUT    | LVCMOS25  |            |
+---------------------+-----------+-----------+------------+
| CD[1]               | OUTPUT    | LVCMOS25  |            |
+---------------------+-----------+-----------+------------+
| CD[0]               | OUTPUT    | LVCMOS25  |            |
+---------------------+-----------+-----------+------------+
| SEG[6]              | OUTPUT    | LVCMOS25  |            |
+---------------------+-----------+-----------+------------+
| SEG[5]              | OUTPUT    | LVCMOS25  |            |
+---------------------+-----------+-----------+------------+
| SEG[4]              | OUTPUT    | LVCMOS25  |            |
+---------------------+-----------+-----------+------------+
| SEG[3]              | OUTPUT    | LVCMOS25  |            |
+---------------------+-----------+-----------+------------+
| SEG[2]              | OUTPUT    | LVCMOS25  |            |
+---------------------+-----------+-----------+------------+
| SEG[1]              | OUTPUT    | LVCMOS25  |            |
+---------------------+-----------+-----------+------------+
| SEG[0]              | OUTPUT    | LVCMOS25  |            |
+---------------------+-----------+-----------+------------+
| SQ[3]               | OUTPUT    | LVCMOS25  |            |
+---------------------+-----------+-----------+------------+
| SQ[2]               | OUTPUT    | LVCMOS25  |            |
+---------------------+-----------+-----------+------------+
| SQ[1]               | OUTPUT    | LVCMOS25  |            |
+---------------------+-----------+-----------+------------+
| SQ[0]               | OUTPUT    | LVCMOS25  |            |
+---------------------+-----------+-----------+------------+
| S                   | OUTPUT    | LVCMOS25  |            |
+---------------------+-----------+-----------+------------+
| Cf_LED              | OUTPUT    | LVCMOS25  |            |
+---------------------+-----------+-----------+------------+
| BQ[3]               | OUTPUT    | LVCMOS25  |            |
+---------------------+-----------+-----------+------------+
| BQ[2]               | OUTPUT    | LVCMOS25  |            |
+---------------------+-----------+-----------+------------+
| BQ[1]               | OUTPUT    | LVCMOS25  |            |
+---------------------+-----------+-----------+------------+
| BQ[0]               | OUTPUT    | LVCMOS25  |            |
+---------------------+-----------+-----------+------------+
| AQ[3]               | OUTPUT    | LVCMOS25  |            |
+---------------------+-----------+-----------+------------+
| AQ[2]               | OUTPUT    | LVCMOS25  |            |
+---------------------+-----------+-----------+------------+
| AQ[1]               | OUTPUT    | LVCMOS25  |            |
+---------------------+-----------+-----------+------------+
| AQ[0]               | OUTPUT    | LVCMOS25  |            |
+---------------------+-----------+-----------+------------+
| B[3]                | INPUT     | LVCMOS25  |            |
+---------------------+-----------+-----------+------------+

                                    Page 3




Design:  topAdder                                      Date:  12/08/17  20:33:27

IO (PIO) Attributes (cont)
--------------------------
| B[2]                | INPUT     | LVCMOS25  |            |
+---------------------+-----------+-----------+------------+
| B[1]                | INPUT     | LVCMOS25  |            |
+---------------------+-----------+-----------+------------+
| B[0]                | INPUT     | LVCMOS25  |            |
+---------------------+-----------+-----------+------------+
| A[3]                | INPUT     | LVCMOS25  |            |
+---------------------+-----------+-----------+------------+
| A[2]                | INPUT     | LVCMOS25  |            |
+---------------------+-----------+-----------+------------+
| A[1]                | INPUT     | LVCMOS25  |            |
+---------------------+-----------+-----------+------------+
| A[0]                | INPUT     | LVCMOS25  |            |
+---------------------+-----------+-----------+------------+
| CRTL[1]             | INPUT     | LVCMOS25  |            |
+---------------------+-----------+-----------+------------+
| CRTL[0]             | INPUT     | LVCMOS25  |            |
+---------------------+-----------+-----------+------------+
| IZQUIERDA           | INPUT     | LVCMOS25  |            |
+---------------------+-----------+-----------+------------+
| DERECHA             | INPUT     | LVCMOS25  |            |
+---------------------+-----------+-----------+------------+
| CLR                 | INPUT     | LVCMOS25  |            |
+---------------------+-----------+-----------+------------+
| oscdiv0             | OUTPUT    | LVCMOS25  |            |
+---------------------+-----------+-----------+------------+
| indiv0[3]           | INPUT     | LVCMOS25  |            |
+---------------------+-----------+-----------+------------+
| indiv0[2]           | INPUT     | LVCMOS25  |            |
+---------------------+-----------+-----------+------------+
| indiv0[1]           | INPUT     | LVCMOS25  |            |
+---------------------+-----------+-----------+------------+

Removed logic
-------------

Block OS00/OS01/VCC undriven or does not drive anything - clipped.
Block REGA/GND undriven or does not drive anything - clipped.
Block REGA/VCC undriven or does not drive anything - clipped.
Block REGB/GND undriven or does not drive anything - clipped.
Block REGB/VCC undriven or does not drive anything - clipped.
Block FF_D/GND undriven or does not drive anything - clipped.
Block FF_D/VCC undriven or does not drive anything - clipped.
Block SREG/GND undriven or does not drive anything - clipped.
Block SREG/VCC undriven or does not drive anything - clipped.
Signal CLR_c_i was merged into signal CLR_c
Signal FF_D.Q.CN was merged into signal oscraw0_c
Signal OS00/OS00/GND undriven or does not drive anything - clipped.
Signal OS00/OS01/GND undriven or does not drive anything - clipped.
Signal OS00/OS00/OSCInst0_SEDSTDBY undriven or does not drive anything -
     clipped.
Signal OS00/OS01/un1_sdiv_1_cry_19_0_COUT undriven or does not drive anything -
     clipped.
Signal OS00/OS01/un1_sdiv_1_cry_0_0_S0 undriven or does not drive anything -
     clipped.
Signal OS00/OS01/N_1 undriven or does not drive anything - clipped.

                                    Page 4




Design:  topAdder                                      Date:  12/08/17  20:33:27

Removed logic (cont)
--------------------
Block CLR_pad_RNIL7KF was optimized away.
Block SREG/Q_0_.CN was optimized away.
Block OS00/OS00/GND was optimized away.
Block OS00/OS01/GND was optimized away.

Memory Usage
------------


     

OSC Summary
-----------

OSC 1:                                     Pin/Node Value
  OSC Instance Name:                                OS00/OS00/OSCInst0
  OSC Type:                                         OSCH
  STDBY Input:                                      NONE
  OSC Output:                              PIN,NODE oscraw0_c
  OSC Nominal Frequency (MHz):                      2.08

ASIC Components
---------------

Instance Name: OS00/OS00/OSCInst0
         Type: OSCH

GSR Usage
---------

GSR Component:
   The local reset signal 'CLR_c' of the design has been inferred as Global Set
        Reset (GSR). The reset signal used for GSR control is 'CLR_c'.
        

     GSR Property:
   The design components with GSR property set to ENABLED will respond to global
        set reset while the components with GSR property set to DISABLED will
        not.
        

Run Time and Memory Usage
-------------------------

   Total CPU Time: 0 secs  
   Total REAL Time: 3 secs  
   Peak Memory Usage: 51 MB
        









                                    Page 5


Copyright (c) 1991-1994 by NeoCAD Inc. All rights reserved.
     Copyright (c) 1995 AT&T Corp.   All rights reserved.
     Copyright (c) 1995-2001 Lucent Technologies Inc.  All rights reserved.
     Copyright (c) 2001 Agere Systems   All rights reserved.
     Copyright (c) 2002-2017 Lattice Semiconductor Corporation,  All rights
     reserved.
