C:\ispLEVER_Classic2_0\synpbase\bin64\c_vhdl.exe  -osyn  "C:\users\richie\desktop\4 semestre\dsd\convertidor binario gray\synwork\top_deca0_comp.srs"  -top  top_deca0  -prodtype  synplify_pro  -nostructver -encrypt  -pro  -dmgen  "C:\users\richie\desktop\4 semestre\dsd\convertidor binario gray\dm"  -lite -compiler_compatible -ui -fid2 -ram -sharing on -ll 2000 -autosm -ignore_undefined_lib  -lib work "C:\users\richie\desktop\4 semestre\dsd\convertidor binario gray\packagedeca0.vhd" -lib work "C:\users\richie\desktop\4 semestre\dsd\convertidor binario gray\osc00.vhd" -lib work "C:\users\richie\desktop\4 semestre\dsd\convertidor binario gray\deca.vhd" -lib work "C:\users\richie\desktop\4 semestre\dsd\convertidor binario gray\top_deca0.vhd" -loga  "C:\users\richie\desktop\4 semestre\dsd\convertidor binario gray\top_deca0.srr" 
rc:0 success:1
C:\users\richie\desktop\4 semestre\dsd\convertidor binario gray\synwork\top_deca0_comp.srs|o|1494611706|4357
"C:\users\richie\desktop\4|i|0|0
semestre\dsd\convertidor|i|0|0
binario|i|0|0
gray\packagedeca0.vhd"|i|0|0
"C:\users\richie\desktop\4|i|0|0
semestre\dsd\convertidor|i|0|0
binario|i|0|0
gray\osc00.vhd"|i|0|0
"C:\users\richie\desktop\4|i|0|0
semestre\dsd\convertidor|i|0|0
binario|i|0|0
gray\deca.vhd"|i|0|0
"C:\users\richie\desktop\4|i|0|0
semestre\dsd\convertidor|i|0|0
binario|i|0|0
gray\top_deca0.vhd"|i|0|0
C:\users\richie\desktop\4 semestre\dsd\convertidor binario gray\top_deca0.srr|o|1494611706|2897
C:\ispLEVER_Classic2_0\synpbase\bin\c_vhdl.exe|i|1401227498|2046976
C:\ispLEVER_Classic2_0\synpbase\bin64\c_vhdl.exe|i|1401227704|5533184
