Running in Lattice mode


Starting:    C:\ispLEVER_Classic2_0\synpbase\win64\mbin\synbatch.exe
Install:     C:\ispLEVER_Classic2_0\synpbase
Date:        Wed May 31 21:04:11 2017
Version:     I-2014.03LC 

Arguments:   -product synplify_pro  -batch c:/users/richie/desktop/4 semestre/dsd/dado sofi\topdado0.prj
ProductType: synplify_pro





log file: "C:\users\richie\desktop\4 semestre\dsd\dado sofi\topdado0.srr"

Generating HDL info...
hdl_info_gen Completed
Return Code: 0
Run Time:0h:00m:00s
log file: "C:\users\richie\desktop\4 semestre\dsd\dado sofi\topdado0.srr"

Running topdado0|dado sofi

Running: Compile on topdado0|dado sofi

Running: Compile Process on topdado0|dado sofi

Running: Compile Input on topdado0|dado sofi
Copied C:\users\richie\desktop\4 semestre\dsd\dado sofi\synwork\topdado0_comp.srs to C:\users\richie\desktop\4 semestre\dsd\dado sofi\topdado0.srs
compiler Completed
Return Code: 0
Run Time:0h:00m:02s

Running: Multi-srs Generator on topdado0|dado sofi
Copied C:\users\richie\desktop\4 semestre\dsd\dado sofi\synwork\topdado0_comp.srs to C:\users\richie\desktop\4 semestre\dsd\dado sofi\synwork\topdado0_s.srs
multi_srs_gen Completed
Return Code: 0
Run Time:0h:00m:00s
Copied C:\users\richie\desktop\4 semestre\dsd\dado sofi\synwork\topdado0_mult.srs to C:\users\richie\desktop\4 semestre\dsd\dado sofi\topdado0.srs
Copied C:\users\richie\desktop\4 semestre\dsd\dado sofi\topdado0.srr to C:\users\richie\desktop\4 semestre\dsd\dado sofi\topdado0.srf
Complete: Compile Process on topdado0|dado sofi
Complete: Compile on topdado0|dado sofi

Running: Map on topdado0|dado sofi

Running: Map & Optimize on topdado0|dado sofi
fpga_mapper Completed
Return Code: 0
Run Time:0h:00m:00s
Complete: Map on topdado0|dado sofi
Complete: Logic Synthesis on topdado0|dado sofi

exit status=0

exit status=0

