ispLEVER Auto-Make Log File
---------------------------

Updating: Synplify Synthesize VHDL File
Start to record tcl script...
Finished recording TCL script.

Starting: 'C:\ispLEVER_Classic2_0\ispcpld\bin\Synpwrap.exe -e Cont -target ispmach4000b -pro '

Copyright (c) 1991-2010 Lattice Semiconductor Corporation,  All rights reserved.
Version : 2.0.00.17.20.15

Done sucessfully with exit code 0.
#Build: Synplify Pro I-2014.03LC , Build 063R, May 27 2014
#install: C:\ispLEVER_Classic2_0\synpbase
#OS: Windows 7 6.2
#Hostname: RICARDO

#Implementation: contador de decada

$ Start of Compile
#Tue Apr 18 19:43:23 2017

Synopsys VHDL Compiler, version comp201403rcp1, Build 060R, built May 27 2014
@N|Running in 64-bit mode
Copyright (C) 1994-2014 Synopsys, Inc. This software and the associated documentation are proprietary to Synopsys, Inc. This software may only be used in accordance with the terms and conditions of a written license agreement with Synopsys, Inc.  All other use, reproduction, or distribution of this software is strictly prohibited.

@N: CD720 :"C:\ispLEVER_Classic2_0\synpbase\lib\vhd\std.vhd":123:18:123:21|Setting time resolution to ns
@N:"C:\users\richie\desktop\4 semestre\dsd\contador de decada\cont.vhd":8:7:8:10|Top entity is set to Cont.
VHDL syntax check successful!
@N: CD630 :"C:\users\richie\desktop\4 semestre\dsd\contador de decada\cont.vhd":8:7:8:10|Synthesizing work.cont.cont0 
Post processing for work.cont.cont0
@END

At c_vhdl Exit (Real Time elapsed 0h:00m:00s; CPU Time elapsed 0h:00m:00s; Memory used current: 69MB peak: 70MB)

Process took 0h:00m:01s realtime, 0h:00m:01s cputime
# Tue Apr 18 19:43:23 2017

###########################################################]
Synopsys Netlist Linker, version comp201403rcp1, Build 060R, built May 27 2014
@N|Running in 64-bit mode

At syn_nfilter Exit (Real Time elapsed 0h:00m:00s; CPU Time elapsed 0h:00m:00s; Memory used current: 67MB peak: 68MB)

Process took 0h:00m:01s realtime, 0h:00m:01s cputime
# Tue Apr 18 19:43:25 2017

###########################################################]
Map & Optimize Report

Synopsys CPLD Technology Mapper, Version maplat, Build 923R, Built May  6 2014
Copyright (C) 1994-2013, Synopsys, Inc. This software and the associated documentation are proprietary to Synopsys, Inc. This software may only be used in accordance with the terms and conditions of a written license agreement with Synopsys, Inc.  All other use or distribution of the software is strictly prohibited.
Product Version I-2014.03LC 
@N: MF248 |Running in 64-bit mode.
---------------------------------------
Resource Usage Report

Simple gate primitives:
DFFRH           4 uses
IBUF            3 uses
OBUF            4 uses
XOR2            6 uses
AND2            10 uses
INV             13 uses


@N: FC100 |Timing Report not generated for this device, please use place and route tools for timing analysis.
I-2014.03LC 
Mapper successful!

At Mapper Exit (Real Time elapsed 0h:00m:00s; CPU Time elapsed 0h:00m:00s; Memory used current: 37MB peak: 102MB)

Process took 0h:00m:01s realtime, 0h:00m:01s cputime
# Tue Apr 18 19:43:26 2017

###########################################################]

Synplicity VHDL/Verilog HDL Synthesizer finished successfully

Done: completed successfully.
