Running in Lattice mode


Starting:    C:\ispLEVER_Classic2_0\synpbase\win64\mbin\synbatch.exe
Install:     C:\ispLEVER_Classic2_0\synpbase
Date:        Tue Apr 18 19:43:22 2017
Version:     I-2014.03LC 

Arguments:   -product synplify_pro  -batch c:/users/richie/desktop/4 semestre/dsd/contador de decada\Cont.prj
ProductType: synplify_pro





log file: "C:\users\richie\desktop\4 semestre\dsd\contador de decada\Cont.srr"

Generating HDL info...
hdl_info_gen Completed
Return Code: 0
Run Time:0h:00m:01s
log file: "C:\users\richie\desktop\4 semestre\dsd\contador de decada\Cont.srr"

Running Cont|contador de decada

Running: Compile on Cont|contador de decada

Running: Compile Process on Cont|contador de decada

Running: Compile Input on Cont|contador de decada
Copied C:\users\richie\desktop\4 semestre\dsd\contador de decada\synwork\Cont_comp.srs to C:\users\richie\desktop\4 semestre\dsd\contador de decada\Cont.srs
compiler Completed
Return Code: 0
Run Time:0h:00m:02s

Running: Multi-srs Generator on Cont|contador de decada
Copied C:\users\richie\desktop\4 semestre\dsd\contador de decada\synwork\Cont_comp.srs to C:\users\richie\desktop\4 semestre\dsd\contador de decada\synwork\Cont_s.srs
multi_srs_gen Completed
Return Code: 0
Run Time:0h:00m:00s
Copied C:\users\richie\desktop\4 semestre\dsd\contador de decada\synwork\Cont_mult.srs to C:\users\richie\desktop\4 semestre\dsd\contador de decada\Cont.srs
Copied C:\users\richie\desktop\4 semestre\dsd\contador de decada\Cont.srr to C:\users\richie\desktop\4 semestre\dsd\contador de decada\cont.srf
Complete: Compile Process on Cont|contador de decada
Complete: Compile on Cont|contador de decada

Running: Map on Cont|contador de decada

Running: Map & Optimize on Cont|contador de decada
fpga_mapper Completed
Return Code: 0
Run Time:0h:00m:01s
Complete: Map on Cont|contador de decada
Copied C:\users\richie\desktop\4 semestre\dsd\contador de decada\Cont.srr to C:\users\richie\desktop\4 semestre\dsd\contador de decada\cont.srf
Complete: Logic Synthesis on Cont|contador de decada

exit status=0

exit status=0

