synthesis:  version Diamond Version 3.9.1.119

Copyright (c) 1991-1994 by NeoCAD Inc. All rights reserved.
Copyright (c) 1995 AT&T Corp.   All rights reserved.
Copyright (c) 1995-2001 Lucent Technologies Inc.  All rights reserved.
Copyright (c) 2001 Agere Systems   All rights reserved.
Copyright (c) 2002-2017 Lattice Semiconductor Corporation,  All rights reserved.
Wed Nov 15 09:31:10 2017


Command Line:  synthesis -f prac7_impl1_lattice.synproj -gui 

Synthesis options:
The -a option is MachXO2.
The -s option is 5.
The -t option is TQFP144.
The -d option is LCMXO2-7000HE.
Using package TQFP144.
Using performance grade 5.
                                                          

##########################################################

### Lattice Family : MachXO2

### Device  : LCMXO2-7000HE

### Package : TQFP144

### Speed   : 5

##########################################################

                                                          

INFO - synthesis: User-Selected Strategy Settings
Optimization goal = Balanced
Top-level module name = topDado.
Target frequency = 1.000000 MHz.
Maximum fanout = 1000.
Timing path count = 3
BRAM utilization = 100.000000 %
DSP usage = true
DSP utilization = 100.000000 %
fsm_encoding_style = auto
resolve_mixed_drivers = 0
fix_gated_clocks = 1

Mux style = Auto
Use Carry Chain = true
carry_chain_length = 0
Loop Limit = 1950.
Use IO Insertion = TRUE
Use IO Reg = AUTO

Resource Sharing = TRUE
Propagate Constants = TRUE
Remove Duplicate Registers = TRUE
force_gsr = auto
ROM style = auto
RAM style = auto
The -comp option is FALSE.
The -syn option is FALSE.
-p C:/lscc/diamond/3.9/ispfpga/xo2c00/data (searchpath added)
-p C:/Users/JCVELMON/Desktop/Semestre Actual/DSD/practica_7_v2/impl1 (searchpath added)
-p C:/Users/JCVELMON/Desktop/Semestre Actual/DSD/practica_7_v2 (searchpath added)
VHDL library = work
VHDL design file = C:/Users/JCVELMON/Desktop/Semestre Actual/DSD/practica_7_v2/impl1/source/packagediv00.vhd
VHDL design file = C:/Users/JCVELMON/Desktop/Semestre Actual/DSD/practica_7_v2/impl1/source/topdiv00.vhd
VHDL design file = C:/Users/JCVELMON/Desktop/Semestre Actual/DSD/practica_7_v2/impl1/source/div00.vhd
VHDL design file = C:/Users/JCVELMON/Desktop/Semestre Actual/DSD/practica_7_v2/impl1/source/osc00.vhd
VHDL design file = C:/Users/JCVELMON/Desktop/Semestre Actual/DSD/practica_7_v2/packageDado.vhd
VHDL design file = C:/Users/JCVELMON/Desktop/Semestre Actual/DSD/practica_7_v2/topDado.vhd
VHDL design file = C:/Users/JCVELMON/Desktop/Semestre Actual/DSD/practica_7_v2/dado0.vhd
NGD file = prac7_impl1.ngd
-sdc option: SDC file input not used.
-lpf option: Output file option is ON.
Hardtimer checking is enabled (default). The -dt option is not used.
The -r option is OFF. [ Remove LOC Properties is OFF. ]
Technology check ok...

Analyzing Verilog file C:/lscc/diamond/3.9/ispfpga/userware/NT/SYNTHESIS_HEADERS/machxo2.v. VERI-1482
Compile design.
Compile Design Begin
INFO - synthesis: The default VHDL library search path is now "C:/Users/JCVELMON/Desktop/Semestre Actual/DSD/practica_7_v2/impl1". VHDL-1504
Analyzing VHDL file c:/users/jcvelmon/desktop/semestre actual/dsd/practica_7_v2/impl1/source/packagediv00.vhd. VHDL-1481
WARNING - synthesis: c:/users/jcvelmon/desktop/semestre actual/dsd/practica_7_v2/impl1/source/packagediv00.vhd(4): 'components' is not compiled in library lattice. VHDL-1240
INFO - synthesis: c:/users/jcvelmon/desktop/semestre actual/dsd/practica_7_v2/impl1/source/packagediv00.vhd(8): analyzing package packagediv00. VHDL-1014
unit topDado is not yet analyzed. VHDL-1485
unit topDado is not yet analyzed. VHDL-1485
Analyzing VHDL file c:/users/jcvelmon/desktop/semestre actual/dsd/practica_7_v2/impl1/source/topdiv00.vhd. VHDL-1481
WARNING - synthesis: c:/users/jcvelmon/desktop/semestre actual/dsd/practica_7_v2/impl1/source/topdiv00.vhd(4): 'components' is not compiled in library lattice. VHDL-1240
INFO - synthesis: c:/users/jcvelmon/desktop/semestre actual/dsd/practica_7_v2/impl1/source/topdiv00.vhd(9): analyzing entity topdiv00. VHDL-1012
INFO - synthesis: c:/users/jcvelmon/desktop/semestre actual/dsd/practica_7_v2/impl1/source/topdiv00.vhd(17): analyzing architecture topdiv0. VHDL-1010
unit topDado is not yet analyzed. VHDL-1485
unit topDado is not yet analyzed. VHDL-1485
Analyzing VHDL file c:/users/jcvelmon/desktop/semestre actual/dsd/practica_7_v2/impl1/source/div00.vhd. VHDL-1481
WARNING - synthesis: c:/users/jcvelmon/desktop/semestre actual/dsd/practica_7_v2/impl1/source/div00.vhd(6): 'components' is not compiled in library lattice. VHDL-1240
INFO - synthesis: c:/users/jcvelmon/desktop/semestre actual/dsd/practica_7_v2/impl1/source/div00.vhd(10): analyzing entity div00. VHDL-1012
INFO - synthesis: c:/users/jcvelmon/desktop/semestre actual/dsd/practica_7_v2/impl1/source/div00.vhd(17): analyzing architecture div0. VHDL-1010
unit topDado is not yet analyzed. VHDL-1485
unit topDado is not yet analyzed. VHDL-1485
Analyzing VHDL file c:/users/jcvelmon/desktop/semestre actual/dsd/practica_7_v2/impl1/source/osc00.vhd. VHDL-1481
WARNING - synthesis: c:/users/jcvelmon/desktop/semestre actual/dsd/practica_7_v2/impl1/source/osc00.vhd(4): 'components' is not compiled in library lattice. VHDL-1240
INFO - synthesis: c:/users/jcvelmon/desktop/semestre actual/dsd/practica_7_v2/impl1/source/osc00.vhd(8): analyzing entity osc00. VHDL-1012
INFO - synthesis: c:/users/jcvelmon/desktop/semestre actual/dsd/practica_7_v2/impl1/source/osc00.vhd(13): analyzing architecture osc0. VHDL-1010
unit topDado is not yet analyzed. VHDL-1485
unit topDado is not yet analyzed. VHDL-1485
Analyzing VHDL file c:/users/jcvelmon/desktop/semestre actual/dsd/practica_7_v2/packagedado.vhd. VHDL-1481
WARNING - synthesis: c:/users/jcvelmon/desktop/semestre actual/dsd/practica_7_v2/packagedado.vhd(4): 'components' is not compiled in library lattice. VHDL-1240
INFO - synthesis: c:/users/jcvelmon/desktop/semestre actual/dsd/practica_7_v2/packagedado.vhd(8): analyzing package packagedado. VHDL-1014
unit topDado is not yet analyzed. VHDL-1485
unit topDado is not yet analyzed. VHDL-1485
Analyzing VHDL file c:/users/jcvelmon/desktop/semestre actual/dsd/practica_7_v2/topdado.vhd. VHDL-1481
WARNING - synthesis: c:/users/jcvelmon/desktop/semestre actual/dsd/practica_7_v2/topdado.vhd(4): 'components' is not compiled in library lattice. VHDL-1240
INFO - synthesis: c:/users/jcvelmon/desktop/semestre actual/dsd/practica_7_v2/topdado.vhd(9): analyzing entity topdado. VHDL-1012
INFO - synthesis: c:/users/jcvelmon/desktop/semestre actual/dsd/practica_7_v2/topdado.vhd(21): analyzing architecture a_topdado. VHDL-1010
unit topDado is not yet analyzed. VHDL-1485
unit topDado is not yet analyzed. VHDL-1485
Analyzing VHDL file c:/users/jcvelmon/desktop/semestre actual/dsd/practica_7_v2/dado0.vhd. VHDL-1481
INFO - synthesis: c:/users/jcvelmon/desktop/semestre actual/dsd/practica_7_v2/dado0.vhd(6): analyzing entity dado0. VHDL-1012
INFO - synthesis: c:/users/jcvelmon/desktop/semestre actual/dsd/practica_7_v2/dado0.vhd(12): analyzing architecture a_dado. VHDL-1010
unit topDado is not yet analyzed. VHDL-1485
unit topDado is not yet analyzed. VHDL-1485
WARNING - synthesis: c:/users/jcvelmon/desktop/semestre actual/dsd/practica_7_v2/dado0.vhd(30): case statement does not cover all choices. 'others' clause is needed. VHDL-1037
unit topDado is not yet analyzed. VHDL-1485
c:/users/jcvelmon/desktop/semestre actual/dsd/practica_7_v2/topdado.vhd(9): executing topDado(a_topDado)

WARNING - synthesis: c:/users/jcvelmon/desktop/semestre actual/dsd/practica_7_v2/topdado.vhd(19): replacing existing netlist topDado(a_topDado). VHDL-1205
Top module name (VHDL): topDado
Loading NGL library 'C:/lscc/diamond/3.9/ispfpga/xo2c00a/data/xo2alib.ngl'...
Loading NGL library 'C:/lscc/diamond/3.9/ispfpga/xo2c00/data/xo2clib.ngl'...
Loading NGL library 'C:/lscc/diamond/3.9/ispfpga/mg5g00/data/mg5glib.ngl'...
Loading NGL library 'C:/lscc/diamond/3.9/ispfpga/or5g00/data/orc5glib.ngl'...
Loading device for application map from file 'xo2c7000.nph' in environment: C:/lscc/diamond/3.9/ispfpga.
Package Status:                     Final          Version 1.39.
Top-level module name = topDado.
######## Converting I/O port oscraw0 to output.
######## Converting I/O port oscdiv0 to output.
######## Converting I/O port display0[6] to output.
######## Converting I/O port display0[5] to output.
######## Converting I/O port display0[4] to output.
######## Converting I/O port display0[3] to output.
######## Converting I/O port display0[2] to output.
######## Converting I/O port display0[1] to output.
######## Converting I/O port display0[0] to output.
######## Missing driver on net clk0. Patching with GND.



GSR instance connected to net clr0_c.
Applying 1.000000 MHz constraint to all clocks

WARNING - synthesis: No user .sdc file.
Results of NGD DRC are available in topDado_drc.log.
Loading NGL library 'C:/lscc/diamond/3.9/ispfpga/xo2c00a/data/xo2alib.ngl'...
Loading NGL library 'C:/lscc/diamond/3.9/ispfpga/xo2c00/data/xo2clib.ngl'...
Loading NGL library 'C:/lscc/diamond/3.9/ispfpga/mg5g00/data/mg5glib.ngl'...
Loading NGL library 'C:/lscc/diamond/3.9/ispfpga/or5g00/data/orc5glib.ngl'...
All blocks are expanded and NGD expansion is successful.
Writing NGD file prac7_impl1.ngd.

################### Begin Area Report (topDado)######################
Number of register bits => 28 of 7209 (0 % )
CCU2D => 11
FD1P3AX => 6
FD1P3AY => 1
FD1P3IX => 21
GSR => 1
IB => 6
INV => 1
LUT4 => 42
OB => 10
PFUMX => 4
################### End Area Report ##################

################### Begin BlackBox Report ######################
OSCH("2.08")(1,4) => 1
TSALL => 1
################### End BlackBox Report ##################

################### Begin Clock Report ######################
Clock Nets
Number of Clocks: 2
  Net : OS00/OS01/oscdiv0_c, loads : 11
  Net : OS00/OS00/oscraw0_c, loads : 2
Clock Enable Nets
Number of Clock Enables: 3
Top 3 highest fanout Clock Enables:
  Net : OS00/OS01/clkdiv_N_23_enable_22, loads : 22
  Net : OS00/OS01/clkdiv_N_23_enable_21, loads : 1
  Net : control0_c, loads : 1
Highest fanout non-clock nets
Top 10 highest fanout non-clock nets:
  Net : OS00/OS01/clkdiv_N_23_enable_22, loads : 22
  Net : OS00/OS00/clkdiv_N_23, loads : 21
  Net : OS00/OS01/n463, loads : 21
  Net : indiv0_c_3, loads : 10
  Net : indiv0_c_2, loads : 9
  Net : indiv0_c_1, loads : 7
  Net : indiv0_c_0, loads : 7
  Net : control0_c, loads : 6
  Net : DADO00/display0_c, loads : 6
  Net : DADO00/display0_c_5, loads : 6
################### End Clock Report ##################

Timing Report Summary
--------------
--------------------------------------------------------------------------------
Constraint                              |   Constraint|       Actual|Levels
--------------------------------------------------------------------------------
                                        |             |             |
create_clock -period 1000.000000 -name  |             |             |
clk1 [get_nets oscraw0_c]               |    1.000 MHz|  112.334 MHz|     6  
                                        |             |             |
create_clock -period 1000.000000 -name  |             |             |
clk0 [get_nets oscdiv0_c]               |    1.000 MHz|  134.210 MHz|     5  
                                        |             |             |
--------------------------------------------------------------------------------


All constraints were met.


Peak Memory Usage: 55.570  MB

--------------------------------------------------------------
Elapsed CPU time for LSE flow : 1.141  secs
--------------------------------------------------------------
