--------------------------------------------------------------------------------
Lattice Synthesis Timing Report, Version  
Wed Nov 15 09:31:11 2017

Copyright (c) 1991-1994 by NeoCAD Inc. All rights reserved.
Copyright (c) 1995 AT&T Corp.   All rights reserved.
Copyright (c) 1995-2001 Lucent Technologies Inc.  All rights reserved.
Copyright (c) 2001 Agere Systems   All rights reserved.
Copyright (c) 2002-2017 Lattice Semiconductor Corporation,  All rights reserved.

Report Information
------------------
Design:     topDado
Constraint file:  
Report level:    verbose report, limited to 3 items per constraint
--------------------------------------------------------------------------------



================================================================================
Constraint: create_clock -period 1000.000000 -name clk1 [get_nets oscraw0_c]
            765 items scored, 0 timing errors detected.
--------------------------------------------------------------------------------


Passed:  The following path meets requirements by 991.098ns

 Logical Details:  Cell type  Pin type       Cell name  (clock net +/-)

   Source:         FD1P3IX    CK             \OS00/OS01/sdiv_69__i18  (from oscraw0_c +)
   Destination:    FD1P3IX    CD             \OS00/OS01/sdiv_69__i14  (to oscraw0_c -)

   Delay:                   8.756ns  (30.2% logic, 69.8% route), 6 logic levels.

 Constraint Details:

      8.756ns data_path \OS00/OS01/sdiv_69__i18 to \OS00/OS01/sdiv_69__i14 meets
    1000.000ns delay constraint less
      0.146ns L_S requirement (totaling 999.854ns) by 991.098ns

 Path Details: \OS00/OS01/sdiv_69__i18 to \OS00/OS01/sdiv_69__i14

   Name    Fanout   Delay (ns)          Pins               Resource(Cell.Net)
L_CO        ---     0.403             CK to Q              \OS00/OS01/sdiv_69__i18 (from oscraw0_c)
Route         6   e 1.266                                  \OS00/OS01/sdiv[18]
LUT4        ---     0.448              B to Z              \OS00/OS01/i1_2_lut
Route         1   e 0.788                                  \OS00/OS01/n943
LUT4        ---     0.448              C to Z              \OS00/OS01/i5_4_lut
Route         2   e 0.954                                  \OS00/OS01/n665
LUT4        ---     0.448              A to Z              \OS00/OS01/i2_4_lut
Route         1   e 0.788                                  \OS00/OS01/n965
LUT4        ---     0.448              A to Z              \OS00/OS01/i1_4_lut_adj_8
Route         1   e 0.788                                  \OS00/OS01/n4
LUT4        ---     0.448              C to Z              \OS00/OS01/i1_4_lut
Route        21   e 1.529                                  \OS00/OS01/n463
                  --------
                    8.756  (30.2% logic, 69.8% route), 6 logic levels.


Passed:  The following path meets requirements by 991.098ns

 Logical Details:  Cell type  Pin type       Cell name  (clock net +/-)

   Source:         FD1P3IX    CK             \OS00/OS01/sdiv_69__i18  (from oscraw0_c +)
   Destination:    FD1P3IX    CD             \OS00/OS01/sdiv_69__i0  (to oscraw0_c -)

   Delay:                   8.756ns  (30.2% logic, 69.8% route), 6 logic levels.

 Constraint Details:

      8.756ns data_path \OS00/OS01/sdiv_69__i18 to \OS00/OS01/sdiv_69__i0 meets
    1000.000ns delay constraint less
      0.146ns L_S requirement (totaling 999.854ns) by 991.098ns

 Path Details: \OS00/OS01/sdiv_69__i18 to \OS00/OS01/sdiv_69__i0

   Name    Fanout   Delay (ns)          Pins               Resource(Cell.Net)
L_CO        ---     0.403             CK to Q              \OS00/OS01/sdiv_69__i18 (from oscraw0_c)
Route         6   e 1.266                                  \OS00/OS01/sdiv[18]
LUT4        ---     0.448              B to Z              \OS00/OS01/i1_2_lut
Route         1   e 0.788                                  \OS00/OS01/n943
LUT4        ---     0.448              C to Z              \OS00/OS01/i5_4_lut
Route         2   e 0.954                                  \OS00/OS01/n665
LUT4        ---     0.448              A to Z              \OS00/OS01/i2_4_lut
Route         1   e 0.788                                  \OS00/OS01/n965
LUT4        ---     0.448              A to Z              \OS00/OS01/i1_4_lut_adj_8
Route         1   e 0.788                                  \OS00/OS01/n4
LUT4        ---     0.448              C to Z              \OS00/OS01/i1_4_lut
Route        21   e 1.529                                  \OS00/OS01/n463
                  --------
                    8.756  (30.2% logic, 69.8% route), 6 logic levels.


Passed:  The following path meets requirements by 991.098ns

 Logical Details:  Cell type  Pin type       Cell name  (clock net +/-)

   Source:         FD1P3IX    CK             \OS00/OS01/sdiv_69__i18  (from oscraw0_c +)
   Destination:    FD1P3IX    CD             \OS00/OS01/sdiv_69__i8  (to oscraw0_c -)

   Delay:                   8.756ns  (30.2% logic, 69.8% route), 6 logic levels.

 Constraint Details:

      8.756ns data_path \OS00/OS01/sdiv_69__i18 to \OS00/OS01/sdiv_69__i8 meets
    1000.000ns delay constraint less
      0.146ns L_S requirement (totaling 999.854ns) by 991.098ns

 Path Details: \OS00/OS01/sdiv_69__i18 to \OS00/OS01/sdiv_69__i8

   Name    Fanout   Delay (ns)          Pins               Resource(Cell.Net)
L_CO        ---     0.403             CK to Q              \OS00/OS01/sdiv_69__i18 (from oscraw0_c)
Route         6   e 1.266                                  \OS00/OS01/sdiv[18]
LUT4        ---     0.448              B to Z              \OS00/OS01/i1_2_lut
Route         1   e 0.788                                  \OS00/OS01/n943
LUT4        ---     0.448              C to Z              \OS00/OS01/i5_4_lut
Route         2   e 0.954                                  \OS00/OS01/n665
LUT4        ---     0.448              A to Z              \OS00/OS01/i2_4_lut
Route         1   e 0.788                                  \OS00/OS01/n965
LUT4        ---     0.448              A to Z              \OS00/OS01/i1_4_lut_adj_8
Route         1   e 0.788                                  \OS00/OS01/n4
LUT4        ---     0.448              C to Z              \OS00/OS01/i1_4_lut
Route        21   e 1.529                                  \OS00/OS01/n463
                  --------
                    8.756  (30.2% logic, 69.8% route), 6 logic levels.

Report: 8.902 ns is the maximum delay for this constraint.



================================================================================
Constraint: create_clock -period 1000.000000 -name clk0 [get_nets oscdiv0_c]
            72 items scored, 0 timing errors detected.
--------------------------------------------------------------------------------


Passed:  The following path meets requirements by 992.549ns

 Logical Details:  Cell type  Pin type       Cell name  (clock net +/-)

   Source:         FD1P3AY    CK             \DADO00/display__i1  (from oscdiv0_c +)
   Destination:    FD1P3AX    D              \DADO00/display__i3  (to oscdiv0_c +)

   Delay:                   7.305ns  (30.0% logic, 70.0% route), 5 logic levels.

 Constraint Details:

      7.305ns data_path \DADO00/display__i1 to \DADO00/display__i3 meets
    1000.000ns delay constraint less
      0.146ns L_S requirement (totaling 999.854ns) by 992.549ns

 Path Details: \DADO00/display__i1 to \DADO00/display__i3

   Name    Fanout   Delay (ns)          Pins               Resource(Cell.Net)
L_CO        ---     0.403             CK to Q              \DADO00/display__i1 (from oscdiv0_c)
Route         6   e 1.266                                  display0_c_0
LUT4        ---     0.448              A to Z              \DADO00/i1_2_lut_rep_17
Route         3   e 1.051                                  \DADO00/n1088
LUT4        ---     0.448              A to Z              \DADO00/i898_3_lut_4_lut
Route         3   e 1.051                                  \DADO00/display_6__N_209[0]
LUT4        ---     0.448              A to Z              \DADO00/i1_4_lut_rep_12
Route         2   e 0.954                                  \DADO00/n1083
LUT4        ---     0.448              D to Z              \DADO00/i884_3_lut_3_lut_4_lut
Route         1   e 0.788                                  \DADO00/display_6__N_209[2]
                  --------
                    7.305  (30.0% logic, 70.0% route), 5 logic levels.


Passed:  The following path meets requirements by 992.549ns

 Logical Details:  Cell type  Pin type       Cell name  (clock net +/-)

   Source:         FD1P3AY    CK             \DADO00/display__i1  (from oscdiv0_c +)
   Destination:    FD1P3AX    D              \DADO00/display__i2  (to oscdiv0_c +)

   Delay:                   7.305ns  (30.0% logic, 70.0% route), 5 logic levels.

 Constraint Details:

      7.305ns data_path \DADO00/display__i1 to \DADO00/display__i2 meets
    1000.000ns delay constraint less
      0.146ns L_S requirement (totaling 999.854ns) by 992.549ns

 Path Details: \DADO00/display__i1 to \DADO00/display__i2

   Name    Fanout   Delay (ns)          Pins               Resource(Cell.Net)
L_CO        ---     0.403             CK to Q              \DADO00/display__i1 (from oscdiv0_c)
Route         6   e 1.266                                  display0_c_0
LUT4        ---     0.448              A to Z              \DADO00/i1_2_lut_rep_17
Route         3   e 1.051                                  \DADO00/n1088
LUT4        ---     0.448              A to Z              \DADO00/i898_3_lut_4_lut
Route         3   e 1.051                                  \DADO00/display_6__N_209[0]
LUT4        ---     0.448              A to Z              \DADO00/i1_4_lut_rep_12
Route         2   e 0.954                                  \DADO00/n1083
LUT4        ---     0.448              A to Z              \DADO00/i901_2_lut_2_lut
Route         1   e 0.788                                  \DADO00/display_6__N_209[1]
                  --------
                    7.305  (30.0% logic, 70.0% route), 5 logic levels.


Passed:  The following path meets requirements by 992.593ns

 Logical Details:  Cell type  Pin type       Cell name  (clock net +/-)

   Source:         FD1P3AX    CK             \DADO00/display__i2  (from oscdiv0_c +)
   Destination:    FD1P3AX    D              \DADO00/display__i3  (to oscdiv0_c +)

   Delay:                   7.261ns  (30.2% logic, 69.8% route), 5 logic levels.

 Constraint Details:

      7.261ns data_path \DADO00/display__i2 to \DADO00/display__i3 meets
    1000.000ns delay constraint less
      0.146ns L_S requirement (totaling 999.854ns) by 992.593ns

 Path Details: \DADO00/display__i2 to \DADO00/display__i3

   Name    Fanout   Delay (ns)          Pins               Resource(Cell.Net)
L_CO        ---     0.403             CK to Q              \DADO00/display__i2 (from oscdiv0_c)
Route         5   e 1.222                                  display0_c_1
LUT4        ---     0.448              B to Z              \DADO00/i1_2_lut_rep_17
Route         3   e 1.051                                  \DADO00/n1088
LUT4        ---     0.448              A to Z              \DADO00/i898_3_lut_4_lut
Route         3   e 1.051                                  \DADO00/display_6__N_209[0]
LUT4        ---     0.448              A to Z              \DADO00/i1_4_lut_rep_12
Route         2   e 0.954                                  \DADO00/n1083
LUT4        ---     0.448              D to Z              \DADO00/i884_3_lut_3_lut_4_lut
Route         1   e 0.788                                  \DADO00/display_6__N_209[2]
                  --------
                    7.261  (30.2% logic, 69.8% route), 5 logic levels.

Report: 7.451 ns is the maximum delay for this constraint.


Timing Report Summary
--------------
--------------------------------------------------------------------------------
Constraint                              |   Constraint|       Actual|Levels
--------------------------------------------------------------------------------
                                        |             |             |
create_clock -period 1000.000000 -name  |             |             |
clk1 [get_nets oscraw0_c]               |  1000.000 ns|     8.902 ns|     6  
                                        |             |             |
create_clock -period 1000.000000 -name  |             |             |
clk0 [get_nets oscdiv0_c]               |  1000.000 ns|     7.451 ns|     5  
                                        |             |             |
--------------------------------------------------------------------------------


All constraints were met.



Timing summary:
---------------

Timing errors: 0  Score: 0

Constraints cover  837 paths, 101 nets, and 220 connections (74.6% coverage)


Peak memory: 58212352 bytes, TRCE: 364544 bytes, DLYMAN: 0 bytes
CPU_TIME_REPORT: 0 secs 
